#
# There is insufficient memory for the Java Runtime Environment to continue.
# Native memory allocation (mmap) failed to map 134217728 bytes for Failed to commit area from 0x0000000080000000 to 0x0000000088000000 of length 134217728.
# Possible reasons:
#   The system is out of physical RAM or swap space
#   The process is running with CompressedOops enabled, and the Java Heap may be blocking the growth of the native heap
# Possible solutions:
#   Reduce memory load on the system
#   Increase physical memory or swap space
#   Check if swap backing store is full
#   Decrease Java heap size (-Xmx/-Xms)
#   Decrease number of Java threads
#   Decrease Java thread stack sizes (-Xss)
#   Set larger code cache with -XX:ReservedCodeCacheSize=
# This output file may be truncated or incomplete.
#
#  Out of Memory Error (./open/src/hotspot/os/windows/os_windows.cpp:3287), pid=21236, tid=16180
#
# JRE version:  (11.0.15+8) (build )
# Java VM: Java HotSpot(TM) 64-Bit Server VM (11.0.15+8-LTS-149, mixed mode, sharing, tiered, compressed oops, g1 gc, windows-amd64)
# No core dump will be written. Minidumps are not enabled by default on client versions of Windows
#

---------------  S U M M A R Y ------------

Command Line: -Dclassworlds.conf=C:\Users\sfjbs\Downloads\apache-maven-3.8.6-bin\apache-maven-3.8.6\bin\m2.conf -Dmaven.home=C:\Users\sfjbs\Downloads\apache-maven-3.8.6-bin\apache-maven-3.8.6 -Dlibrary.jansi.path=C:\Users\sfjbs\Downloads\apache-maven-3.8.6-bin\apache-maven-3.8.6\lib\jansi-native -Dmaven.multiModuleProjectDirectory=C:\Users\sfjbs\IdeaProjects\ashish\Day_12\fourth-artemis-demo\artemis-demo-producer org.codehaus.plexus.classworlds.launcher.Launcher spring-boot:run

Host: Intel(R) Xeon(R) Platinum 8272CL CPU @ 2.60GHz, 2 cores, 7G,  Windows 10 , 64 bit Build 19041 (10.0.19041.1889)
Time: Wed Sep  7 10:45:47 2022 Coordinated Universal Time elapsed time: 0.051998 seconds (0d 0h 0m 0s)

---------------  T H R E A D  ---------------

Current thread (0x000001cd4eb85800):  JavaThread "Unknown thread" [_thread_in_vm, id=16180, stack(0x0000002239f00000,0x000000223a000000)]

Stack: [0x0000002239f00000,0x000000223a000000]
Native frames: (J=compiled Java code, j=interpreted, Vv=VM code, C=native code)
V  [jvm.dll+0x629d8a]
V  [jvm.dll+0x7638ff]
V  [jvm.dll+0x764fa9]
V  [jvm.dll+0x765633]
V  [jvm.dll+0x23d9c8]
V  [jvm.dll+0x6270aa]
V  [jvm.dll+0x61be35]
V  [jvm.dll+0x2f27dc]
V  [jvm.dll+0x2f2662]
V  [jvm.dll+0x2f7386]
V  [jvm.dll+0x339d8f]
V  [jvm.dll+0x3397c0]
V  [jvm.dll+0x2cfdf8]
V  [jvm.dll+0x2d0f66]
V  [jvm.dll+0x73df07]
V  [jvm.dll+0x73f79f]
V  [jvm.dll+0x346ab9]
V  [jvm.dll+0x723810]
V  [jvm.dll+0x3b56cf]
V  [jvm.dll+0x3b77e1]
C  [jli.dll+0x5207]
C  [ucrtbase.dll+0x21bb2]
C  [KERNEL32.DLL+0x17034]
C  [ntdll.dll+0x52651]


---------------  P R O C E S S  ---------------

Threads class SMR info:
_java_thread_list=0x000001cd4d2f2cf0, length=0, elements={
}

Java Threads: ( => current thread )

Other Threads:
  0x000001cd4eb99800 GCTaskThread "GC Thread#0" [stack: 0x000000223a000000,0x000000223a100000] [id=6868]
  0x000001cd4ebcb000 ConcurrentGCThread "G1 Main Marker" [stack: 0x000000223a100000,0x000000223a200000] [id=20000]
  0x000001cd4ebcc000 ConcurrentGCThread "G1 Conc#0" [stack: 0x000000223a200000,0x000000223a300000] [id=7940]

[error occurred during error reporting (printing all threads), id 0xc0000005, EXCEPTION_ACCESS_VIOLATION (0xc0000005) at pc=0x00007fff04dff087]

VM state:not at safepoint (not fully initialized)

VM Mutex/Monitor currently owned by a thread:  ([mutex/lock_event])
[0x000001cd4eb839b0] Heap_lock - owner thread: 0x000001cd4eb85800

Heap address: 0x0000000080000000, size: 2048 MB, Compressed Oops mode: Non-zero based: 0x0000000080000000
Narrow klass base: 0x0000000000000000, Narrow klass shift: 0

GC Heap History (0 events):
No events

Deoptimization events (0 events):
No events

Classes redefined (0 events):
No events

Internal exceptions (0 events):
No events

Events (0 events):
No events


Dynamic libraries:
0x00007ff74f0a0000 - 0x00007ff74f0af000 	C:\Program Files\Java\jdk-11.0.15\bin\java.exe
0x00007fff1a870000 - 0x00007fff1aa68000 	C:\Windows\SYSTEM32\ntdll.dll
0x00007fff194e0000 - 0x00007fff1959d000 	C:\Windows\System32\KERNEL32.DLL
0x00007fff18420000 - 0x00007fff186ee000 	C:\Windows\System32\KERNELBASE.dll
0x00007fff18140000 - 0x00007fff18240000 	C:\Windows\System32\ucrtbase.dll
0x00007fff059a0000 - 0x00007fff059b8000 	C:\Program Files\Java\jdk-11.0.15\bin\jli.dll
0x00007fff18d30000 - 0x00007fff18dde000 	C:\Windows\System32\ADVAPI32.dll
0x00007fff19260000 - 0x00007fff192fe000 	C:\Windows\System32\msvcrt.dll
0x00007fff193e0000 - 0x00007fff1947c000 	C:\Windows\System32\sechost.dll
0x00007fff18c00000 - 0x00007fff18d25000 	C:\Windows\System32\RPCRT4.dll
0x00007fff19bf0000 - 0x00007fff19d90000 	C:\Windows\System32\USER32.dll
0x00007fff18000000 - 0x00007fff18022000 	C:\Windows\System32\win32u.dll
0x00007fff1a730000 - 0x00007fff1a75a000 	C:\Windows\System32\GDI32.dll
0x00007fff18030000 - 0x00007fff1813b000 	C:\Windows\System32\gdi32full.dll
0x00007fff05980000 - 0x00007fff05995000 	C:\Program Files\Java\jdk-11.0.15\bin\VCRUNTIME140.dll
0x00007fff187a0000 - 0x00007fff1883d000 	C:\Windows\System32\msvcp_win.dll
0x00007fff056e0000 - 0x00007fff0597a000 	C:\Windows\WinSxS\amd64_microsoft.windows.common-controls_6595b64144ccf1df_6.0.19041.1110_none_60b5254171f9507e\COMCTL32.dll
0x00007fff0fe40000 - 0x00007fff0fe4a000 	C:\Windows\SYSTEM32\VERSION.dll
0x00007fff1a5c0000 - 0x00007fff1a5f0000 	C:\Windows\System32\IMM32.DLL
0x00007fff05640000 - 0x00007fff056db000 	C:\Program Files\Java\jdk-11.0.15\bin\msvcp140.dll
0x00007fff04b20000 - 0x00007fff05636000 	C:\Program Files\Java\jdk-11.0.15\bin\server\jvm.dll
0x00007fff19250000 - 0x00007fff19258000 	C:\Windows\System32\PSAPI.DLL
0x00007fff0d700000 - 0x00007fff0d709000 	C:\Windows\SYSTEM32\WSOCK32.dll
0x00007fff1a7c0000 - 0x00007fff1a82b000 	C:\Windows\System32\WS2_32.dll
0x00007fff04af0000 - 0x00007fff04b17000 	C:\Windows\SYSTEM32\WINMM.dll
0x00007fff15e70000 - 0x00007fff15e82000 	C:\Windows\SYSTEM32\kernel.appcore.dll
0x00007fff07570000 - 0x00007fff07580000 	C:\Program Files\Java\jdk-11.0.15\bin\verify.dll
0x00007fff092b0000 - 0x00007fff09494000 	C:\Windows\SYSTEM32\DBGHELP.DLL
0x00007fff08ef0000 - 0x00007fff08f1c000 	C:\Windows\SYSTEM32\dbgcore.DLL
0x00007fff18840000 - 0x00007fff188c2000 	C:\Windows\System32\bcryptPrimitives.dll
0x00007fff04810000 - 0x00007fff04838000 	C:\Program Files\Java\jdk-11.0.15\bin\java.dll
0x00007fff04800000 - 0x00007fff0480a000 	C:\Program Files\Java\jdk-11.0.15\bin\jimage.dll
0x00007fff047e0000 - 0x00007fff047f6000 	C:\Program Files\Java\jdk-11.0.15\bin\zip.dll

dbghelp: loaded successfully - version: 4.0.5 - missing functions: none
symbol engine: initialized successfully - sym options: 0x614 - pdb path: .;C:\Program Files\Java\jdk-11.0.15\bin;C:\Windows\SYSTEM32;C:\Windows\WinSxS\amd64_microsoft.windows.common-controls_6595b64144ccf1df_6.0.19041.1110_none_60b5254171f9507e;C:\Program Files\Java\jdk-11.0.15\bin\server

VM Arguments:
jvm_args: -Dclassworlds.conf=C:\Users\sfjbs\Downloads\apache-maven-3.8.6-bin\apache-maven-3.8.6\bin\m2.conf -Dmaven.home=C:\Users\sfjbs\Downloads\apache-maven-3.8.6-bin\apache-maven-3.8.6 -Dlibrary.jansi.path=C:\Users\sfjbs\Downloads\apache-maven-3.8.6-bin\apache-maven-3.8.6\lib\jansi-native -Dmaven.multiModuleProjectDirectory=C:\Users\sfjbs\IdeaProjects\ashish\Day_12\fourth-artemis-demo\artemis-demo-producer 
java_command: org.codehaus.plexus.classworlds.launcher.Launcher spring-boot:run
java_class_path (initial): C:\Users\sfjbs\Downloads\apache-maven-3.8.6-bin\apache-maven-3.8.6\boot\plexus-classworlds-2.6.0.jar
Launcher Type: SUN_STANDARD

[Global flags]
     intx CICompilerCount                          = 2                                         {product} {ergonomic}
     uint ConcGCThreads                            = 1                                         {product} {ergonomic}
     uint G1ConcRefinementThreads                  = 2                                         {product} {ergonomic}
   size_t G1HeapRegionSize                         = 1048576                                   {product} {ergonomic}
    uintx GCDrainStackTargetSize                   = 64                                        {product} {ergonomic}
   size_t InitialHeapSize                          = 134217728                                 {product} {ergonomic}
   size_t MarkStackSize                            = 4194304                                   {product} {ergonomic}
   size_t MaxHeapSize                              = 2147483648                                {product} {ergonomic}
   size_t MinHeapDeltaBytes                        = 1048576                                   {product} {ergonomic}
    uintx NonNMethodCodeHeapSize                   = 5825164                                {pd product} {ergonomic}
    uintx NonProfiledCodeHeapSize                  = 122916538                              {pd product} {ergonomic}
    uintx ProfiledCodeHeapSize                     = 122916538                              {pd product} {ergonomic}
    uintx ReservedCodeCacheSize                    = 251658240                              {pd product} {ergonomic}
     bool SegmentedCodeCache                       = true                                      {product} {ergonomic}
     bool UseCompressedClassPointers               = true                                 {lp64_product} {ergonomic}
     bool UseCompressedOops                        = true                                 {lp64_product} {ergonomic}
     bool UseG1GC                                  = true                                      {product} {ergonomic}
     bool UseLargePagesIndividualAllocation        = false                                  {pd product} {ergonomic}

Logging:
Log output configuration:
 #0: stdout all=warning uptime,level,tags
 #1: stderr all=off uptime,level,tags

Environment Variables:
PATH=C:\Program Files\Common Files\Oracle\Java\javapath;C:\Windows\system32;C:\Windows;C:\Windows\System32\Wbem;C:\Windows\System32\WindowsPowerShell\v1.0\;C:\Windows\System32\OpenSSH\;C:\Program Files\PuTTY\;C:\Program Files\Git\cmd;C:\Users\sfjbs\Downloads\apache-maven-3.8.6-bin\apache-maven-3.8.6\bin;C:\Users\sfjbs\Downloads\apache-maven-3.8.6-bin\apache-maven-3.8.6\lib;;C:\Program Files\Docker\Docker\resources\bin;C:\ProgramData\DockerDesktop\version-bin;C:\Users\sfjbs\AppData\Local\Microsoft\WindowsApps;C:\Program Files\JetBrains\IntelliJ IDEA Community Edition 2022.2.1\bin;;C:\Users\sfjbs\Downloads\apache-maven-3.8.6-bin\apache-maven-3.8.6\bin;C:\Users\sfjbs\Downloads\apache-maven-3.8.6-bin\apache-maven-3.8.6\lib;
USERNAME=sfjbs
OS=Windows_NT
PROCESSOR_IDENTIFIER=Intel64 Family 6 Model 85 Stepping 7, GenuineIntel



---------------  S Y S T E M  ---------------

OS: Windows 10 , 64 bit Build 19041 (10.0.19041.1889)
Hyper-V role detected

CPU:total 2 (initial active 2) (1 cores per cpu, 2 threads per core) family 6 model 85 stepping 7 microcode 0xffffffff, cmov, cx8, fxsr, mmx, sse, sse2, sse3, ssse3, sse4.1, sse4.2, popcnt, avx, avx2, aes, clmul, erms, rtm, 3dnowpref, lzcnt, ht, tsc, bmi1, bmi2, adx, evex, fma

Memory: 4k page, system-wide physical 8190M (785M free)
TotalPageFile size 10238M (AvailPageFile size 67M)
current process WorkingSet (physical memory assigned to process): 9M, peak: 9M
current process commit charge ("private bytes"): 47M, peak: 175M

vm_info: Java HotSpot(TM) 64-Bit Server VM (11.0.15+8-LTS-149) for windows-amd64 JRE (11.0.15+8-LTS-149), built on Mar  9 2022 22:42:32 by "mach5one" with MS VC++ 15.9 (VS2017)

END.
