#
# There is insufficient memory for the Java Runtime Environment to continue.
# Native memory allocation (mmap) failed to map 134217728 bytes for Failed to commit area from 0x0000000080000000 to 0x0000000088000000 of length 134217728.
# Possible reasons:
#   The system is out of physical RAM or swap space
#   The process is running with CompressedOops enabled, and the Java Heap may be blocking the growth of the native heap
# Possible solutions:
#   Reduce memory load on the system
#   Increase physical memory or swap space
#   Check if swap backing store is full
#   Decrease Java heap size (-Xmx/-Xms)
#   Decrease number of Java threads
#   Decrease Java thread stack sizes (-Xss)
#   Set larger code cache with -XX:ReservedCodeCacheSize=
# This output file may be truncated or incomplete.
#
#  Out of Memory Error (./open/src/hotspot/os/windows/os_windows.cpp:3287), pid=18084, tid=18148
#
# JRE version:  (11.0.15+8) (build )
# Java VM: Java HotSpot(TM) 64-Bit Server VM (11.0.15+8-LTS-149, mixed mode, sharing, tiered, compressed oops, g1 gc, windows-amd64)
# No core dump will be written. Minidumps are not enabled by default on client versions of Windows
#

---------------  S U M M A R Y ------------

Command Line: -Xverify:none -XX:TieredStopAtLevel=1 com.ashish.mongo.HospitalManagementSystemApplication

Host: Intel(R) Xeon(R) Platinum 8272CL CPU @ 2.60GHz, 2 cores, 7G,  Windows 10 , 64 bit Build 19041 (10.0.19041.1889)
Time: Tue Sep  6 05:37:50 2022 Coordinated Universal Time elapsed time: 0.185748 seconds (0d 0h 0m 0s)

---------------  T H R E A D  ---------------

Current thread (0x000001599b140800):  JavaThread "Unknown thread" [_thread_in_vm, id=18148, stack(0x000000429b900000,0x000000429ba00000)]

Stack: [0x000000429b900000,0x000000429ba00000]
Native frames: (J=compiled Java code, j=interpreted, Vv=VM code, C=native code)
V  [jvm.dll+0x629d8a]
V  [jvm.dll+0x7638ff]
V  [jvm.dll+0x764fa9]
V  [jvm.dll+0x765633]
V  [jvm.dll+0x23d9c8]
V  [jvm.dll+0x6270aa]
V  [jvm.dll+0x61be35]
V  [jvm.dll+0x2f27dc]
V  [jvm.dll+0x2f2662]
V  [jvm.dll+0x2f7386]
V  [jvm.dll+0x339d8f]
V  [jvm.dll+0x3397c0]
V  [jvm.dll+0x2cfdf8]
V  [jvm.dll+0x2d0f66]
V  [jvm.dll+0x73df07]
V  [jvm.dll+0x73f79f]
V  [jvm.dll+0x346ab9]
V  [jvm.dll+0x723810]
V  [jvm.dll+0x3b56cf]
V  [jvm.dll+0x3b77e1]
C  [jli.dll+0x5207]
C  [ucrtbase.dll+0x21bb2]
C  [KERNEL32.DLL+0x17034]
C  [ntdll.dll+0x52651]


---------------  P R O C E S S  ---------------

Threads class SMR info:
_java_thread_list=0x0000015998fd5430, length=0, elements={
}

Java Threads: ( => current thread )

Other Threads:
  0x000001599b156000 GCTaskThread "GC Thread#0" [stack: 0x000000429bb00000,0x000000429bc00000] [id=17852]
  0x000001599b181000 ConcurrentGCThread "G1 Main Marker" [stack: 0x000000429bc00000,0x000000429bd00000] [id=18096]
  0x000001599b182800 ConcurrentGCThread "G1 Conc#0" [stack: 0x000000429bd00000,0x000000429be00000] [id=18092]

[error occurred during error reporting (printing all threads), id 0xc0000005, EXCEPTION_ACCESS_VIOLATION (0xc0000005) at pc=0x00007fffa5f9f087]

VM state:not at safepoint (not fully initialized)

VM Mutex/Monitor currently owned by a thread:  ([mutex/lock_event])
[0x000001599b13c640] Heap_lock - owner thread: 0x000001599b140800

Heap address: 0x0000000080000000, size: 2048 MB, Compressed Oops mode: Non-zero based: 0x0000000080000000
Narrow klass base: 0x0000000000000000, Narrow klass shift: 0

GC Heap History (0 events):
No events

Deoptimization events (0 events):
No events

Classes redefined (0 events):
No events

Internal exceptions (0 events):
No events

Events (0 events):
No events


Dynamic libraries:
0x00007ff7c20d0000 - 0x00007ff7c20df000 	C:\Program Files\Java\jdk-11.0.15\bin\java.exe
0x00007fffbdcf0000 - 0x00007fffbdee8000 	C:\Windows\SYSTEM32\ntdll.dll
0x00007fffbcbb0000 - 0x00007fffbcc6d000 	C:\Windows\System32\KERNEL32.DLL
0x00007fffbb730000 - 0x00007fffbb9fe000 	C:\Windows\System32\KERNELBASE.dll
0x00007fffbb600000 - 0x00007fffbb700000 	C:\Windows\System32\ucrtbase.dll
0x00007fffa6b70000 - 0x00007fffa6b88000 	C:\Program Files\Java\jdk-11.0.15\bin\jli.dll
0x00007fffbcb00000 - 0x00007fffbcbae000 	C:\Windows\System32\ADVAPI32.dll
0x00007fffbcfb0000 - 0x00007fffbd04e000 	C:\Windows\System32\msvcrt.dll
0x00007fffbd870000 - 0x00007fffbd90c000 	C:\Windows\System32\sechost.dll
0x00007fffbcc90000 - 0x00007fffbcdb5000 	C:\Windows\System32\RPCRT4.dll
0x00007fffbc190000 - 0x00007fffbc330000 	C:\Windows\System32\USER32.dll
0x00007fffbb410000 - 0x00007fffbb432000 	C:\Windows\System32\win32u.dll
0x00007fffbd060000 - 0x00007fffbd08a000 	C:\Windows\System32\GDI32.dll
0x00007fffbbbf0000 - 0x00007fffbbcfb000 	C:\Windows\System32\gdi32full.dll
0x00007fffbb560000 - 0x00007fffbb5fd000 	C:\Windows\System32\msvcp_win.dll
0x00007fffa6b50000 - 0x00007fffa6b65000 	C:\Program Files\Java\jdk-11.0.15\bin\VCRUNTIME140.dll
0x00007fffa68b0000 - 0x00007fffa6b4a000 	C:\Windows\WinSxS\amd64_microsoft.windows.common-controls_6595b64144ccf1df_6.0.19041.1110_none_60b5254171f9507e\COMCTL32.dll
0x00007fffb3360000 - 0x00007fffb336a000 	C:\Windows\SYSTEM32\VERSION.dll
0x00007fffbd090000 - 0x00007fffbd0c0000 	C:\Windows\System32\IMM32.DLL
0x00007fffa6810000 - 0x00007fffa68ab000 	C:\Program Files\Java\jdk-11.0.15\bin\msvcp140.dll
0x00007fffa5cc0000 - 0x00007fffa67d6000 	C:\Program Files\Java\jdk-11.0.15\bin\server\jvm.dll
0x00007fffbd050000 - 0x00007fffbd058000 	C:\Windows\System32\PSAPI.DLL
0x00007fffa5cb0000 - 0x00007fffa5cb9000 	C:\Windows\SYSTEM32\WSOCK32.dll
0x00007fffbcdc0000 - 0x00007fffbce2b000 	C:\Windows\System32\WS2_32.dll
0x00007fffa5c80000 - 0x00007fffa5ca7000 	C:\Windows\SYSTEM32\WINMM.dll
0x00007fffb92f0000 - 0x00007fffb9302000 	C:\Windows\SYSTEM32\kernel.appcore.dll
0x00007fffa6d50000 - 0x00007fffa6d60000 	C:\Program Files\Java\jdk-11.0.15\bin\verify.dll
0x00007fffa8630000 - 0x00007fffa8814000 	C:\Windows\SYSTEM32\DBGHELP.DLL
0x00007fffa8600000 - 0x00007fffa862c000 	C:\Windows\SYSTEM32\dbgcore.DLL
0x00007fffbbb60000 - 0x00007fffbbbe2000 	C:\Windows\System32\bcryptPrimitives.dll
0x00007fffa59f0000 - 0x00007fffa5a18000 	C:\Program Files\Java\jdk-11.0.15\bin\java.dll
0x00007fffa6d40000 - 0x00007fffa6d4a000 	C:\Program Files\Java\jdk-11.0.15\bin\jimage.dll
0x00007fffa59d0000 - 0x00007fffa59e6000 	C:\Program Files\Java\jdk-11.0.15\bin\zip.dll

dbghelp: loaded successfully - version: 4.0.5 - missing functions: none
symbol engine: initialized successfully - sym options: 0x614 - pdb path: .;C:\Program Files\Java\jdk-11.0.15\bin;C:\Windows\SYSTEM32;C:\Windows\WinSxS\amd64_microsoft.windows.common-controls_6595b64144ccf1df_6.0.19041.1110_none_60b5254171f9507e;C:\Program Files\Java\jdk-11.0.15\bin\server

VM Arguments:
jvm_args: -Xverify:none -XX:TieredStopAtLevel=1 
java_command: com.ashish.mongo.HospitalManagementSystemApplication
java_class_path (initial): C:\Users\sfjbs\IdeaProjects\ashish\Day_10\hospital-management-system\target\classes;C:\Users\sfjbs\.m2\repository\org\springframework\boot\spring-boot\2.7.3\spring-boot-2.7.3.jar;C:\Users\sfjbs\.m2\repository\org\springframework\boot\spring-boot-autoconfigure\2.7.3\spring-boot-autoconfigure-2.7.3.jar;C:\Users\sfjbs\.m2\repository\ch\qos\logback\logback-classic\1.2.11\logback-classic-1.2.11.jar;C:\Users\sfjbs\.m2\repository\ch\qos\logback\logback-core\1.2.11\logback-core-1.2.11.jar;C:\Users\sfjbs\.m2\repository\org\apache\logging\log4j\log4j-to-slf4j\2.17.2\log4j-to-slf4j-2.17.2.jar;C:\Users\sfjbs\.m2\repository\org\apache\logging\log4j\log4j-api\2.17.2\log4j-api-2.17.2.jar;C:\Users\sfjbs\.m2\repository\org\slf4j\jul-to-slf4j\1.7.36\jul-to-slf4j-1.7.36.jar;C:\Users\sfjbs\.m2\repository\jakarta\annotation\jakarta.annotation-api\1.3.5\jakarta.annotation-api-1.3.5.jar;C:\Users\sfjbs\.m2\repository\org\yaml\snakeyaml\1.30\snakeyaml-1.30.jar;C:\Users\sfjbs\.m2\repository\org\mongodb\mongodb-driver-sync\4.6.1\mongodb-driver-sync-4.6.1.jar;C:\Users\sfjbs\.m2\repository\org\mongodb\bson\4.6.1\bson-4.6.1.jar;C:\Users\sfjbs\.m2\repository\org\springframework\spring-aop\5.3.22\spring-aop-5.3.22.jar;C:\Users\sfjbs\.m2\repository\org\springframework\security\spring-security-config\5.7.3\spring-security-config-5.7.3.jar;C:\Users\sfjbs\.m2\repository\org\springframework\security\spring-security-web\5.7.3\spring-security-web-5.7.3.jar;C:\Users\sfjbs\.m2\repository\com\fasterxml\jackson\core\jackson-databind\2.13.3\jackson-databind-2.13.3.jar;C:\Users\sfjbs\.m2\repository\com\fasterxml\jackson\core\jackson-annotations\2.13.3\jackson-annotations-2.13.3.jar;C:\Users\sfjbs\.m2\repository\com\fasterxml\jackson\core\jackson-core\2.13.3\jackson-core-2.13.3.jar;C:\Users\sfjbs\.m2\repository\com\fasterxml\jackson\datatype\jackson-datatype-jdk8\2.13.3\jackson-datatype-jdk8-2.13.3.jar;C:\Users\sfjbs\.m2\repository\com\fasterxml\jackson\datatype\jackson-datatype-jsr
Launcher Type: SUN_STANDARD

[Global flags]
     bool BytecodeVerificationLocal                = false                                     {product} {command line}
     bool BytecodeVerificationRemote               = false                                     {product} {command line}
     intx CICompilerCount                          = 2                                         {product} {ergonomic}
     uint ConcGCThreads                            = 1                                         {product} {ergonomic}
     uint G1ConcRefinementThreads                  = 2                                         {product} {ergonomic}
   size_t G1HeapRegionSize                         = 1048576                                   {product} {ergonomic}
    uintx GCDrainStackTargetSize                   = 64                                        {product} {ergonomic}
   size_t InitialHeapSize                          = 134217728                                 {product} {ergonomic}
   size_t MarkStackSize                            = 4194304                                   {product} {ergonomic}
   size_t MaxHeapSize                              = 2147483648                                {product} {ergonomic}
   size_t MinHeapDeltaBytes                        = 1048576                                   {product} {ergonomic}
    uintx NonNMethodCodeHeapSize                   = 6396312                                {pd product} {ergonomic}
    uintx NonProfiledCodeHeapSize                  = 245261928                              {pd product} {ergonomic}
    uintx ProfiledCodeHeapSize                     = 0                                      {pd product} {ergonomic}
    uintx ReservedCodeCacheSize                    = 251658240                              {pd product} {ergonomic}
     bool SegmentedCodeCache                       = true                                      {product} {ergonomic}
     intx TieredStopAtLevel                        = 1                                         {product} {command line}
     bool UseCompressedClassPointers               = true                                 {lp64_product} {ergonomic}
     bool UseCompressedOops                        = true                                 {lp64_product} {ergonomic}
     bool UseG1GC                                  = true                                      {product} {ergonomic}
     bool UseLargePagesIndividualAllocation        = false                                  {pd product} {ergonomic}

Logging:
Log output configuration:
 #0: stdout all=warning uptime,level,tags
 #1: stderr all=off uptime,level,tags

Environment Variables:
PATH=C:\Program Files\Common Files\Oracle\Java\javapath;C:\Windows\system32;C:\Windows;C:\Windows\System32\Wbem;C:\Windows\System32\WindowsPowerShell\v1.0\;C:\Windows\System32\OpenSSH\;C:\Program Files\PuTTY\;C:\Program Files\Git\cmd;C:\Users\sfjbs\Downloads\apache-maven-3.8.6-bin\apache-maven-3.8.6\bin;C:\Users\sfjbs\Downloads\apache-maven-3.8.6-bin\apache-maven-3.8.6\lib;;C:\Program Files\Docker\Docker\resources\bin;C:\ProgramData\DockerDesktop\version-bin;C:\Users\sfjbs\AppData\Local\Microsoft\WindowsApps;C:\Program Files\JetBrains\IntelliJ IDEA Community Edition 2022.2.1\bin;;C:\Users\sfjbs\Downloads\apache-maven-3.8.6-bin\apache-maven-3.8.6\bin;C:\Users\sfjbs\Downloads\apache-maven-3.8.6-bin\apache-maven-3.8.6\lib;
USERNAME=sfjbs
OS=Windows_NT
PROCESSOR_IDENTIFIER=Intel64 Family 6 Model 85 Stepping 7, GenuineIntel



---------------  S Y S T E M  ---------------

OS: Windows 10 , 64 bit Build 19041 (10.0.19041.1889)
Hyper-V role detected

CPU:total 2 (initial active 2) (1 cores per cpu, 2 threads per core) family 6 model 85 stepping 7 microcode 0xffffffff, cmov, cx8, fxsr, mmx, sse, sse2, sse3, ssse3, sse4.1, sse4.2, popcnt, avx, avx2, aes, clmul, erms, rtm, 3dnowpref, lzcnt, ht, tsc, bmi1, bmi2, adx, evex, fma

Memory: 4k page, system-wide physical 8190M (960M free)
TotalPageFile size 10238M (AvailPageFile size 9M)
current process WorkingSet (physical memory assigned to process): 9M, peak: 9M
current process commit charge ("private bytes"): 45M, peak: 173M

vm_info: Java HotSpot(TM) 64-Bit Server VM (11.0.15+8-LTS-149) for windows-amd64 JRE (11.0.15+8-LTS-149), built on Mar  9 2022 22:42:32 by "mach5one" with MS VC++ 15.9 (VS2017)

END.
