#
# There is insufficient memory for the Java Runtime Environment to continue.
# Native memory allocation (mmap) failed to map 80740352 bytes for Failed to commit area from 0x0000000089a00000 to 0x000000008e700000 of length 80740352.
# Possible reasons:
#   The system is out of physical RAM or swap space
#   The process is running with CompressedOops enabled, and the Java Heap may be blocking the growth of the native heap
# Possible solutions:
#   Reduce memory load on the system
#   Increase physical memory or swap space
#   Check if swap backing store is full
#   Decrease Java heap size (-Xmx/-Xms)
#   Decrease number of Java threads
#   Decrease Java thread stack sizes (-Xss)
#   Set larger code cache with -XX:ReservedCodeCacheSize=
#   JVM is running with Unscaled Compressed Oops mode in which the Java heap is
#     placed in the first 4GB address space. The Java Heap base address is the
#     maximum limit for the native heap growth. Please use -XX:HeapBaseMinAddress
#     to set the Java Heap base and to place the Java Heap above 4GB virtual address.
# This output file may be truncated or incomplete.
#
#  Out of Memory Error (./open/src/hotspot/os/windows/os_windows.cpp:3287), pid=9620, tid=15964
#
# JRE version: Java(TM) SE Runtime Environment 18.9 (11.0.15+8) (build 11.0.15+8-LTS-149)
# Java VM: Java HotSpot(TM) 64-Bit Server VM 18.9 (11.0.15+8-LTS-149, mixed mode, tiered, compressed oops, g1 gc, windows-amd64)
# No core dump will be written. Minidumps are not enabled by default on client versions of Windows
#

---------------  S U M M A R Y ------------

Command Line: -Dclassworlds.conf=C:\Users\sfjbs\Downloads\apache-maven-3.8.6-bin\apache-maven-3.8.6\bin\m2.conf -Dmaven.home=C:\Users\sfjbs\Downloads\apache-maven-3.8.6-bin\apache-maven-3.8.6 -Dlibrary.jansi.path=C:\Users\sfjbs\Downloads\apache-maven-3.8.6-bin\apache-maven-3.8.6\lib\jansi-native -Dmaven.multiModuleProjectDirectory=C:\Users\sfjbs\IdeaProjects\ashish\Day_10\hospital-management-system org.codehaus.plexus.classworlds.launcher.Launcher clean install

Host: Intel(R) Xeon(R) Platinum 8272CL CPU @ 2.60GHz, 2 cores, 7G,  Windows 10 , 64 bit Build 19041 (10.0.19041.1889)
Time: Tue Sep  6 05:38:07 2022 Coordinated Universal Time elapsed time: 11.718846 seconds (0d 0h 0m 11s)

---------------  T H R E A D  ---------------

Current thread (0x0000022cfeba9000):  VMThread "VM Thread" [stack: 0x0000003712100000,0x0000003712200000] [id=15964]

Stack: [0x0000003712100000,0x0000003712200000]
[error occurred during error reporting (printing stack bounds), id 0xc0000005, EXCEPTION_ACCESS_VIOLATION (0xc0000005) at pc=0x0000022cea7a10e7]

Native frames: (J=compiled Java code, j=interpreted, Vv=VM code, C=native code)
V  [jvm.dll+0x629d8a]
V  [jvm.dll+0x7638ff]
V  [jvm.dll+0x764fa9]
V  [jvm.dll+0x765595]
V  [jvm.dll+0x76554b]
V  [jvm.dll+0x629273]
V  [jvm.dll+0x629988]
C  [ntdll.dll+0xa229f]
C  [ntdll.dll+0x51454]
C  [ntdll.dll+0xa0dce]
C  0x0000022cea7a10e7

VM_Operation (0x00000037135fb770): G1CollectForAllocation, mode: safepoint, requested by thread 0x0000022c86156000


---------------  P R O C E S S  ---------------

Threads class SMR info:
_java_thread_list=0x0000022c85d87080, length=21, elements={
0x0000022ce30e6000, 0x0000022cfebab800, 0x0000022cfebb6800, 0x0000022cfebc8000,
0x0000022cfebcb800, 0x0000022cfebcd800, 0x0000022cfebd3800, 0x0000022cfebda000,
0x0000022cfebe6000, 0x0000022cff6b0000, 0x0000022c83137800, 0x0000022c84401000,
0x0000022c82dbf000, 0x0000022c831b6000, 0x0000022c841c0000, 0x0000022c83a40000,
0x0000022c8220a000, 0x0000022c83c20800, 0x0000022c86156000, 0x0000022c84839800,
0x0000022c8483a000
}

Java Threads: ( => current thread )
  0x0000022ce30e6000 JavaThread "main" [_thread_in_native, id=16824, stack(0x0000003711b00000,0x0000003711c00000)]
  0x0000022cfebab800 JavaThread "Reference Handler" daemon [_thread_blocked, id=17416, stack(0x0000003712200000,0x0000003712300000)]
  0x0000022cfebb6800 JavaThread "Finalizer" daemon [_thread_blocked, id=11196, stack(0x0000003712300000,0x0000003712400000)]
  0x0000022cfebc8000 JavaThread "Signal Dispatcher" daemon [_thread_blocked, id=17464, stack(0x0000003712400000,0x0000003712500000)]
  0x0000022cfebcb800 JavaThread "Attach Listener" daemon [_thread_blocked, id=15460, stack(0x0000003712500000,0x0000003712600000)]
  0x0000022cfebcd800 JavaThread "Service Thread" daemon [_thread_blocked, id=17280, stack(0x0000003712600000,0x0000003712700000)]
  0x0000022cfebd3800 JavaThread "C2 CompilerThread0" daemon [_thread_blocked, id=14076, stack(0x0000003712700000,0x0000003712800000)]
  0x0000022cfebda000 JavaThread "C1 CompilerThread0" daemon [_thread_blocked, id=16696, stack(0x0000003712800000,0x0000003712900000)]
  0x0000022cfebe6000 JavaThread "Sweeper thread" daemon [_thread_blocked, id=15972, stack(0x0000003712900000,0x0000003712a00000)]
  0x0000022cff6b0000 JavaThread "Common-Cleaner" daemon [_thread_blocked, id=17220, stack(0x0000003712b00000,0x0000003712c00000)]
  0x0000022c83137800 JavaThread "resolver-1" daemon [_thread_blocked, id=13700, stack(0x0000003712d00000,0x0000003712e00000)]
  0x0000022c84401000 JavaThread "resolver-2" daemon [_thread_blocked, id=2452, stack(0x0000003712e00000,0x0000003712f00000)]
  0x0000022c82dbf000 JavaThread "resolver-3" daemon [_thread_blocked, id=18216, stack(0x0000003712f00000,0x0000003713000000)]
  0x0000022c831b6000 JavaThread "resolver-4" daemon [_thread_blocked, id=16480, stack(0x0000003713000000,0x0000003713100000)]
  0x0000022c841c0000 JavaThread "resolver-5" daemon [_thread_blocked, id=17204, stack(0x0000003713100000,0x0000003713200000)]
  0x0000022c83a40000 JavaThread "timeout-check-timer" daemon [_thread_blocked, id=15384, stack(0x0000003713200000,0x0000003713300000)]
  0x0000022c8220a000 JavaThread "ping-timer-10s" daemon [_thread_blocked, id=14548, stack(0x0000003713300000,0x0000003713400000)]
  0x0000022c83c20800 JavaThread "ThreadedStreamConsumer" daemon [_thread_blocked, id=15408, stack(0x0000003713400000,0x0000003713500000)]
  0x0000022c86156000 JavaThread "Thread-2" [_thread_blocked, id=18228, stack(0x0000003713500000,0x0000003713600000)]
  0x0000022c84839800 JavaThread "Thread-3" [_thread_blocked, id=18260, stack(0x0000003713600000,0x0000003713700000)]
  0x0000022c8483a000 JavaThread "Thread-4" [_thread_blocked, id=18188, stack(0x0000003713700000,0x0000003713800000)]

Other Threads:
=>0x0000022cfeba9000 VMThread "VM Thread" [stack: 0x0000003712100000,0x0000003712200000] [id=15964]
  0x0000022cff6ae800 WatcherThread [stack: 0x0000003712a00000,0x0000003712b00000] [id=712]
  0x0000022ce30fa800 GCTaskThread "GC Thread#0" [stack: 0x0000003711c00000,0x0000003711d00000] [id=8180]
  0x0000022c8241e800 GCTaskThread "GC Thread#1" [stack: 0x0000003712c00000,0x0000003712d00000] [id=17144]
  0x0000022ce312c800 ConcurrentGCThread "G1 Main Marker" [stack: 0x0000003711d00000,0x0000003711e00000] [id=10892]
  0x0000022ce312d800 ConcurrentGCThread "G1 Conc#0" [stack: 0x0000003711e00000,0x0000003711f00000] [id=13300]
  0x0000022ce31b4800 ConcurrentGCThread "G1 Refine#0" [stack: 0x0000003711f00000,0x0000003712000000] [id=15768]
  0x0000022ce31b7000 ConcurrentGCThread "G1 Young RemSet Sampling" [stack: 0x0000003712000000,0x0000003712100000] [id=13328]

Threads with active compile tasks:
C2 CompilerThread0  11735 5742   !   4       java.net.URL::<init> (543 bytes)

VM state:at safepoint (normal execution)

VM Mutex/Monitor currently owned by a thread:  ([mutex/lock_event])
[0x0000022ce30e3d70] Threads_lock - owner thread: 0x0000022cfeba9000
[0x0000022ce30e2e40] Heap_lock - owner thread: 0x0000022c86156000

Heap address: 0x0000000080000000, size: 2048 MB, Compressed Oops mode: 32-bit
Narrow klass base: 0x0000000000000000, Narrow klass shift: 3
Compressed class space size: 1073741824 Address: 0x0000000100000000

Heap:
 garbage-first heap   total 236544K, used 35840K [0x0000000080000000, 0x0000000100000000)
  region size 1024K, 3 young (3072K), 3 survivors (3072K)
 Metaspace       used 34519K, capacity 35160K, committed 35456K, reserved 1081344K
  class space    used 3573K, capacity 3851K, committed 3968K, reserved 1048576K
Heap Regions: E=young(eden), S=young(survivor), O=old, HS=humongous(starts), HC=humongous(continues), CS=collection set, F=free, A=archive, TAMS=top-at-mark-start (previous, next)
|   0|0x0000000080000000, 0x0000000080100000, 0x0000000080100000|100%| O|  |TAMS 0x0000000080100000, 0x0000000080000000| Untracked 
|   1|0x0000000080100000, 0x0000000080200000, 0x0000000080200000|100%| O|  |TAMS 0x0000000080200000, 0x0000000080100000| Untracked 
|   2|0x0000000080200000, 0x0000000080300000, 0x0000000080300000|100%| O|  |TAMS 0x0000000080200000, 0x0000000080200000| Untracked 
|   3|0x0000000080300000, 0x0000000080400000, 0x0000000080400000|100%| O|  |TAMS 0x0000000080300000, 0x0000000080300000| Untracked 
|   4|0x0000000080400000, 0x0000000080500000, 0x0000000080500000|100%| O|  |TAMS 0x0000000080400000, 0x0000000080400000| Untracked 
|   5|0x0000000080500000, 0x0000000080600000, 0x0000000080600000|100%| O|  |TAMS 0x0000000080500000, 0x0000000080500000| Untracked 
|   6|0x0000000080600000, 0x0000000080700000, 0x0000000080700000|100%| O|  |TAMS 0x0000000080600000, 0x0000000080600000| Untracked 
|   7|0x0000000080700000, 0x0000000080800000, 0x0000000080800000|100%| O|  |TAMS 0x0000000080700000, 0x0000000080700000| Untracked 
|   8|0x0000000080800000, 0x0000000080900000, 0x0000000080900000|100%| O|  |TAMS 0x0000000080800000, 0x0000000080800000| Untracked 
|   9|0x0000000080900000, 0x0000000080a00000, 0x0000000080a00000|100%| O|  |TAMS 0x0000000080900000, 0x0000000080900000| Untracked 
|  10|0x0000000080a00000, 0x0000000080b00000, 0x0000000080b00000|100%| O|  |TAMS 0x0000000080a00000, 0x0000000080a00000| Untracked 
|  11|0x0000000080b00000, 0x0000000080c00000, 0x0000000080c00000|100%| O|  |TAMS 0x0000000080b00000, 0x0000000080b00000| Untracked 
|  12|0x0000000080c00000, 0x0000000080d00000, 0x0000000080d00000|100%| O|  |TAMS 0x0000000080c00000, 0x0000000080c00000| Untracked 
|  13|0x0000000080d00000, 0x0000000080e00000, 0x0000000080e00000|100%| O|  |TAMS 0x0000000080d00000, 0x0000000080d00000| Untracked 
|  14|0x0000000080e00000, 0x0000000080f00000, 0x0000000080f00000|100%| O|  |TAMS 0x0000000080e00000, 0x0000000080e00000| Untracked 
|  15|0x0000000080f00000, 0x0000000081000000, 0x0000000081000000|100%| O|  |TAMS 0x0000000080f00000, 0x0000000080f00000| Untracked 
|  16|0x0000000081000000, 0x0000000081100000, 0x0000000081100000|100%| O|  |TAMS 0x0000000081000000, 0x0000000081000000| Untracked 
|  17|0x0000000081100000, 0x0000000081200000, 0x0000000081200000|100%| O|  |TAMS 0x0000000081100000, 0x0000000081100000| Untracked 
|  18|0x0000000081200000, 0x0000000081300000, 0x0000000081300000|100%| O|  |TAMS 0x0000000081200000, 0x0000000081200000| Untracked 
|  19|0x0000000081300000, 0x0000000081400000, 0x0000000081400000|100%| O|  |TAMS 0x0000000081300000, 0x0000000081300000| Untracked 
|  20|0x0000000081400000, 0x0000000081500000, 0x0000000081500000|100%| O|  |TAMS 0x0000000081400000, 0x0000000081400000| Untracked 
|  21|0x0000000081500000, 0x0000000081600000, 0x0000000081600000|100%| O|  |TAMS 0x0000000081500000, 0x0000000081500000| Untracked 
|  22|0x0000000081600000, 0x0000000081700000, 0x0000000081700000|100%| O|  |TAMS 0x0000000081600000, 0x0000000081600000| Untracked 
|  23|0x0000000081700000, 0x0000000081800000, 0x0000000081800000|100%| O|  |TAMS 0x0000000081700000, 0x0000000081700000| Untracked 
|  24|0x0000000081800000, 0x0000000081900000, 0x0000000081900000|100%| O|  |TAMS 0x0000000081800000, 0x0000000081800000| Untracked 
|  25|0x0000000081900000, 0x0000000081a00000, 0x0000000081a00000|100%| O|  |TAMS 0x0000000081900000, 0x0000000081900000| Untracked 
|  26|0x0000000081a00000, 0x0000000081b00000, 0x0000000081b00000|100%| O|  |TAMS 0x0000000081a00000, 0x0000000081a00000| Untracked 
|  27|0x0000000081b00000, 0x0000000081c00000, 0x0000000081c00000|100%| O|  |TAMS 0x0000000081b00000, 0x0000000081b00000| Untracked 
|  28|0x0000000081c00000, 0x0000000081d00000, 0x0000000081d00000|100%| O|  |TAMS 0x0000000081c00000, 0x0000000081c00000| Untracked 
|  29|0x0000000081d00000, 0x0000000081e00000, 0x0000000081e00000|100%| O|  |TAMS 0x0000000081d00000, 0x0000000081d00000| Untracked 
|  30|0x0000000081e00000, 0x0000000081f00000, 0x0000000081f00000|100%| O|  |TAMS 0x0000000081e00000, 0x0000000081e00000| Untracked 
|  31|0x0000000081f00000, 0x0000000082000000, 0x0000000082000000|100%| O|  |TAMS 0x0000000081f00000, 0x0000000081f00000| Untracked 
|  32|0x0000000082000000, 0x0000000082000000, 0x0000000082100000|  0%| F|  |TAMS 0x0000000082000000, 0x0000000082000000| Untracked 
|  33|0x0000000082100000, 0x0000000082100000, 0x0000000082200000|  0%| F|  |TAMS 0x0000000082100000, 0x0000000082100000| Untracked 
|  34|0x0000000082200000, 0x0000000082200000, 0x0000000082300000|  0%| F|  |TAMS 0x0000000082200000, 0x0000000082200000| Untracked 
|  35|0x0000000082300000, 0x0000000082300000, 0x0000000082400000|  0%| F|  |TAMS 0x0000000082300000, 0x0000000082300000| Untracked 
|  36|0x0000000082400000, 0x0000000082400000, 0x0000000082500000|  0%| F|  |TAMS 0x0000000082400000, 0x0000000082400000| Untracked 
|  37|0x0000000082500000, 0x0000000082500000, 0x0000000082600000|  0%| F|  |TAMS 0x0000000082500000, 0x0000000082500000| Untracked 
|  38|0x0000000082600000, 0x0000000082600000, 0x0000000082700000|  0%| F|  |TAMS 0x0000000082600000, 0x0000000082600000| Untracked 
|  39|0x0000000082700000, 0x0000000082700000, 0x0000000082800000|  0%| F|  |TAMS 0x0000000082700000, 0x0000000082700000| Untracked 
|  40|0x0000000082800000, 0x0000000082800000, 0x0000000082900000|  0%| F|  |TAMS 0x0000000082800000, 0x0000000082800000| Untracked 
|  41|0x0000000082900000, 0x0000000082900000, 0x0000000082a00000|  0%| F|  |TAMS 0x0000000082900000, 0x0000000082900000| Untracked 
|  42|0x0000000082a00000, 0x0000000082a00000, 0x0000000082b00000|  0%| F|  |TAMS 0x0000000082a00000, 0x0000000082a00000| Untracked 
|  43|0x0000000082b00000, 0x0000000082b00000, 0x0000000082c00000|  0%| F|  |TAMS 0x0000000082b00000, 0x0000000082b00000| Untracked 
|  44|0x0000000082c00000, 0x0000000082c00000, 0x0000000082d00000|  0%| F|  |TAMS 0x0000000082c00000, 0x0000000082c00000| Untracked 
|  45|0x0000000082d00000, 0x0000000082d00000, 0x0000000082e00000|  0%| F|  |TAMS 0x0000000082d00000, 0x0000000082d00000| Untracked 
|  46|0x0000000082e00000, 0x0000000082e00000, 0x0000000082f00000|  0%| F|  |TAMS 0x0000000082e00000, 0x0000000082e00000| Untracked 
|  47|0x0000000082f00000, 0x0000000082f00000, 0x0000000083000000|  0%| F|  |TAMS 0x0000000082f00000, 0x0000000082f00000| Untracked 
|  48|0x0000000083000000, 0x0000000083000000, 0x0000000083100000|  0%| F|  |TAMS 0x0000000083000000, 0x0000000083000000| Untracked 
|  49|0x0000000083100000, 0x0000000083100000, 0x0000000083200000|  0%| F|  |TAMS 0x0000000083100000, 0x0000000083100000| Untracked 
|  50|0x0000000083200000, 0x0000000083200000, 0x0000000083300000|  0%| F|  |TAMS 0x0000000083200000, 0x0000000083200000| Untracked 
|  51|0x0000000083300000, 0x0000000083300000, 0x0000000083400000|  0%| F|  |TAMS 0x0000000083300000, 0x0000000083300000| Untracked 
|  52|0x0000000083400000, 0x0000000083400000, 0x0000000083500000|  0%| F|  |TAMS 0x0000000083400000, 0x0000000083400000| Untracked 
|  53|0x0000000083500000, 0x0000000083500000, 0x0000000083600000|  0%| F|  |TAMS 0x0000000083500000, 0x0000000083500000| Untracked 
|  54|0x0000000083600000, 0x0000000083600000, 0x0000000083700000|  0%| F|  |TAMS 0x0000000083600000, 0x0000000083600000| Untracked 
|  55|0x0000000083700000, 0x0000000083700000, 0x0000000083800000|  0%| F|  |TAMS 0x0000000083700000, 0x0000000083700000| Untracked 
|  56|0x0000000083800000, 0x0000000083800000, 0x0000000083900000|  0%| F|  |TAMS 0x0000000083800000, 0x0000000083800000| Untracked 
|  57|0x0000000083900000, 0x0000000083900000, 0x0000000083a00000|  0%| F|  |TAMS 0x0000000083900000, 0x0000000083900000| Untracked 
|  58|0x0000000083a00000, 0x0000000083a00000, 0x0000000083b00000|  0%| F|  |TAMS 0x0000000083a00000, 0x0000000083a00000| Untracked 
|  59|0x0000000083b00000, 0x0000000083b00000, 0x0000000083c00000|  0%| F|  |TAMS 0x0000000083b00000, 0x0000000083b00000| Untracked 
|  60|0x0000000083c00000, 0x0000000083c00000, 0x0000000083d00000|  0%| F|  |TAMS 0x0000000083c00000, 0x0000000083c00000| Untracked 
|  61|0x0000000083d00000, 0x0000000083d00000, 0x0000000083e00000|  0%| F|  |TAMS 0x0000000083d00000, 0x0000000083d00000| Untracked 
|  62|0x0000000083e00000, 0x0000000083e00000, 0x0000000083f00000|  0%| F|  |TAMS 0x0000000083e00000, 0x0000000083e00000| Untracked 
|  63|0x0000000083f00000, 0x0000000083f00000, 0x0000000084000000|  0%| F|  |TAMS 0x0000000083f00000, 0x0000000083f00000| Untracked 
|  64|0x0000000084000000, 0x0000000084000000, 0x0000000084100000|  0%| F|  |TAMS 0x0000000084000000, 0x0000000084000000| Untracked 
|  65|0x0000000084100000, 0x0000000084100000, 0x0000000084200000|  0%| F|  |TAMS 0x0000000084100000, 0x0000000084100000| Untracked 
|  66|0x0000000084200000, 0x0000000084200000, 0x0000000084300000|  0%| F|  |TAMS 0x0000000084200000, 0x0000000084200000| Untracked 
|  67|0x0000000084300000, 0x0000000084300000, 0x0000000084400000|  0%| F|  |TAMS 0x0000000084300000, 0x0000000084300000| Untracked 
|  68|0x0000000084400000, 0x0000000084400000, 0x0000000084500000|  0%| F|  |TAMS 0x0000000084400000, 0x0000000084400000| Untracked 
|  69|0x0000000084500000, 0x0000000084500000, 0x0000000084600000|  0%| F|  |TAMS 0x0000000084500000, 0x0000000084500000| Untracked 
|  70|0x0000000084600000, 0x0000000084600000, 0x0000000084700000|  0%| F|  |TAMS 0x0000000084600000, 0x0000000084600000| Untracked 
|  71|0x0000000084700000, 0x0000000084700000, 0x0000000084800000|  0%| F|  |TAMS 0x0000000084700000, 0x0000000084700000| Untracked 
|  72|0x0000000084800000, 0x0000000084800000, 0x0000000084900000|  0%| F|  |TAMS 0x0000000084800000, 0x0000000084800000| Untracked 
|  73|0x0000000084900000, 0x0000000084900000, 0x0000000084a00000|  0%| F|  |TAMS 0x0000000084900000, 0x0000000084900000| Untracked 
|  74|0x0000000084a00000, 0x0000000084a00000, 0x0000000084b00000|  0%| F|  |TAMS 0x0000000084a00000, 0x0000000084a00000| Untracked 
|  75|0x0000000084b00000, 0x0000000084b00000, 0x0000000084c00000|  0%| F|  |TAMS 0x0000000084b00000, 0x0000000084b00000| Untracked 
|  76|0x0000000084c00000, 0x0000000084c00000, 0x0000000084d00000|  0%| F|  |TAMS 0x0000000084c00000, 0x0000000084c00000| Untracked 
|  77|0x0000000084d00000, 0x0000000084d00000, 0x0000000084e00000|  0%| F|  |TAMS 0x0000000084d00000, 0x0000000084d00000| Untracked 
|  78|0x0000000084e00000, 0x0000000084e00000, 0x0000000084f00000|  0%| F|  |TAMS 0x0000000084e00000, 0x0000000084e00000| Untracked 
|  79|0x0000000084f00000, 0x0000000084f00000, 0x0000000085000000|  0%| F|  |TAMS 0x0000000084f00000, 0x0000000084f00000| Untracked 
|  80|0x0000000085000000, 0x0000000085000000, 0x0000000085100000|  0%| F|  |TAMS 0x0000000085000000, 0x0000000085000000| Untracked 
|  81|0x0000000085100000, 0x0000000085100000, 0x0000000085200000|  0%| F|  |TAMS 0x0000000085100000, 0x0000000085100000| Untracked 
|  82|0x0000000085200000, 0x0000000085200000, 0x0000000085300000|  0%| F|  |TAMS 0x0000000085200000, 0x0000000085200000| Untracked 
|  83|0x0000000085300000, 0x0000000085300000, 0x0000000085400000|  0%| F|  |TAMS 0x0000000085300000, 0x0000000085300000| Untracked 
|  84|0x0000000085400000, 0x0000000085400000, 0x0000000085500000|  0%| F|  |TAMS 0x0000000085400000, 0x0000000085400000| Untracked 
|  85|0x0000000085500000, 0x0000000085500000, 0x0000000085600000|  0%| F|  |TAMS 0x0000000085500000, 0x0000000085500000| Untracked 
|  86|0x0000000085600000, 0x0000000085600000, 0x0000000085700000|  0%| F|  |TAMS 0x0000000085600000, 0x0000000085600000| Untracked 
|  87|0x0000000085700000, 0x0000000085700000, 0x0000000085800000|  0%| F|  |TAMS 0x0000000085700000, 0x0000000085700000| Untracked 
|  88|0x0000000085800000, 0x0000000085800000, 0x0000000085900000|  0%| F|  |TAMS 0x0000000085800000, 0x0000000085800000| Untracked 
|  89|0x0000000085900000, 0x0000000085900000, 0x0000000085a00000|  0%| F|  |TAMS 0x0000000085900000, 0x0000000085900000| Untracked 
|  90|0x0000000085a00000, 0x0000000085a00000, 0x0000000085b00000|  0%| F|  |TAMS 0x0000000085a00000, 0x0000000085a00000| Untracked 
|  91|0x0000000085b00000, 0x0000000085b00000, 0x0000000085c00000|  0%| F|  |TAMS 0x0000000085b00000, 0x0000000085b00000| Untracked 
|  92|0x0000000085c00000, 0x0000000085c00000, 0x0000000085d00000|  0%| F|  |TAMS 0x0000000085c00000, 0x0000000085c00000| Untracked 
|  93|0x0000000085d00000, 0x0000000085d00000, 0x0000000085e00000|  0%| F|  |TAMS 0x0000000085d00000, 0x0000000085d00000| Untracked 
|  94|0x0000000085e00000, 0x0000000085f00000, 0x0000000085f00000|100%| S|CS|TAMS 0x0000000085e00000, 0x0000000085e00000| Complete 
|  95|0x0000000085f00000, 0x0000000086000000, 0x0000000086000000|100%| S|CS|TAMS 0x0000000085f00000, 0x0000000085f00000| Complete 
|  96|0x0000000086000000, 0x0000000086100000, 0x0000000086100000|100%| S|CS|TAMS 0x0000000086000000, 0x0000000086000000| Complete 
|  97|0x0000000086100000, 0x0000000086100000, 0x0000000086200000|  0%| F|  |TAMS 0x0000000086100000, 0x0000000086100000| Untracked 
|  98|0x0000000086200000, 0x0000000086200000, 0x0000000086300000|  0%| F|  |TAMS 0x0000000086200000, 0x0000000086200000| Untracked 
|  99|0x0000000086300000, 0x0000000086300000, 0x0000000086400000|  0%| F|  |TAMS 0x0000000086300000, 0x0000000086300000| Untracked 
| 100|0x0000000086400000, 0x0000000086400000, 0x0000000086500000|  0%| F|  |TAMS 0x0000000086400000, 0x0000000086400000| Untracked 
| 101|0x0000000086500000, 0x0000000086500000, 0x0000000086600000|  0%| F|  |TAMS 0x0000000086500000, 0x0000000086500000| Untracked 
| 102|0x0000000086600000, 0x0000000086600000, 0x0000000086700000|  0%| F|  |TAMS 0x0000000086600000, 0x0000000086600000| Untracked 
| 103|0x0000000086700000, 0x0000000086700000, 0x0000000086800000|  0%| F|  |TAMS 0x0000000086700000, 0x0000000086700000| Untracked 
| 104|0x0000000086800000, 0x0000000086800000, 0x0000000086900000|  0%| F|  |TAMS 0x0000000086800000, 0x0000000086800000| Untracked 
| 105|0x0000000086900000, 0x0000000086900000, 0x0000000086a00000|  0%| F|  |TAMS 0x0000000086900000, 0x0000000086900000| Untracked 
| 106|0x0000000086a00000, 0x0000000086a00000, 0x0000000086b00000|  0%| F|  |TAMS 0x0000000086a00000, 0x0000000086a00000| Untracked 
| 107|0x0000000086b00000, 0x0000000086b00000, 0x0000000086c00000|  0%| F|  |TAMS 0x0000000086b00000, 0x0000000086b00000| Untracked 
| 108|0x0000000086c00000, 0x0000000086c00000, 0x0000000086d00000|  0%| F|  |TAMS 0x0000000086c00000, 0x0000000086c00000| Untracked 
| 109|0x0000000086d00000, 0x0000000086d00000, 0x0000000086e00000|  0%| F|  |TAMS 0x0000000086d00000, 0x0000000086d00000| Untracked 
| 110|0x0000000086e00000, 0x0000000086e00000, 0x0000000086f00000|  0%| F|  |TAMS 0x0000000086e00000, 0x0000000086e00000| Untracked 
| 111|0x0000000086f00000, 0x0000000086f00000, 0x0000000087000000|  0%| F|  |TAMS 0x0000000086f00000, 0x0000000086f00000| Untracked 
| 112|0x0000000087000000, 0x0000000087000000, 0x0000000087100000|  0%| F|  |TAMS 0x0000000087000000, 0x0000000087000000| Untracked 
| 113|0x0000000087100000, 0x0000000087100000, 0x0000000087200000|  0%| F|  |TAMS 0x0000000087100000, 0x0000000087100000| Untracked 
| 114|0x0000000087200000, 0x0000000087200000, 0x0000000087300000|  0%| F|  |TAMS 0x0000000087200000, 0x0000000087200000| Untracked 
| 115|0x0000000087300000, 0x0000000087300000, 0x0000000087400000|  0%| F|  |TAMS 0x0000000087300000, 0x0000000087300000| Untracked 
| 116|0x0000000087400000, 0x0000000087400000, 0x0000000087500000|  0%| F|  |TAMS 0x0000000087400000, 0x0000000087400000| Untracked 
| 117|0x0000000087500000, 0x0000000087500000, 0x0000000087600000|  0%| F|  |TAMS 0x0000000087500000, 0x0000000087500000| Untracked 
| 118|0x0000000087600000, 0x0000000087600000, 0x0000000087700000|  0%| F|  |TAMS 0x0000000087600000, 0x0000000087600000| Untracked 
| 119|0x0000000087700000, 0x0000000087700000, 0x0000000087800000|  0%| F|  |TAMS 0x0000000087700000, 0x0000000087700000| Untracked 
| 120|0x0000000087800000, 0x0000000087800000, 0x0000000087900000|  0%| F|  |TAMS 0x0000000087800000, 0x0000000087800000| Untracked 
| 121|0x0000000087900000, 0x0000000087900000, 0x0000000087a00000|  0%| F|  |TAMS 0x0000000087900000, 0x0000000087900000| Untracked 
| 122|0x0000000087a00000, 0x0000000087a00000, 0x0000000087b00000|  0%| F|  |TAMS 0x0000000087a00000, 0x0000000087a00000| Untracked 
| 123|0x0000000087b00000, 0x0000000087b00000, 0x0000000087c00000|  0%| F|  |TAMS 0x0000000087b00000, 0x0000000087b00000| Untracked 
| 124|0x0000000087c00000, 0x0000000087c00000, 0x0000000087d00000|  0%| F|  |TAMS 0x0000000087c00000, 0x0000000087c00000| Untracked 
| 125|0x0000000087d00000, 0x0000000087d00000, 0x0000000087e00000|  0%| F|  |TAMS 0x0000000087d00000, 0x0000000087d00000| Untracked 
| 126|0x0000000087e00000, 0x0000000087e00000, 0x0000000087f00000|  0%| F|  |TAMS 0x0000000087e00000, 0x0000000087e00000| Untracked 
| 127|0x0000000087f00000, 0x0000000087f00000, 0x0000000088000000|  0%| F|  |TAMS 0x0000000087f00000, 0x0000000087f00000| Untracked 
| 128|0x0000000088000000, 0x0000000088000000, 0x0000000088100000|  0%| F|  |TAMS 0x0000000088000000, 0x0000000088000000| Untracked 
| 129|0x0000000088100000, 0x0000000088100000, 0x0000000088200000|  0%| F|  |TAMS 0x0000000088100000, 0x0000000088100000| Untracked 
| 130|0x0000000088200000, 0x0000000088200000, 0x0000000088300000|  0%| F|  |TAMS 0x0000000088200000, 0x0000000088200000| Untracked 
| 131|0x0000000088300000, 0x0000000088300000, 0x0000000088400000|  0%| F|  |TAMS 0x0000000088300000, 0x0000000088300000| Untracked 
| 132|0x0000000088400000, 0x0000000088400000, 0x0000000088500000|  0%| F|  |TAMS 0x0000000088400000, 0x0000000088400000| Untracked 
| 133|0x0000000088500000, 0x0000000088500000, 0x0000000088600000|  0%| F|  |TAMS 0x0000000088500000, 0x0000000088500000| Untracked 
| 134|0x0000000088600000, 0x0000000088600000, 0x0000000088700000|  0%| F|  |TAMS 0x0000000088600000, 0x0000000088600000| Untracked 
| 135|0x0000000088700000, 0x0000000088700000, 0x0000000088800000|  0%| F|  |TAMS 0x0000000088700000, 0x0000000088700000| Untracked 
| 136|0x0000000088800000, 0x0000000088800000, 0x0000000088900000|  0%| F|  |TAMS 0x0000000088800000, 0x0000000088800000| Untracked 
| 137|0x0000000088900000, 0x0000000088900000, 0x0000000088a00000|  0%| F|  |TAMS 0x0000000088900000, 0x0000000088900000| Untracked 
| 138|0x0000000088a00000, 0x0000000088a00000, 0x0000000088b00000|  0%| F|  |TAMS 0x0000000088a00000, 0x0000000088a00000| Untracked 
| 139|0x0000000088b00000, 0x0000000088b00000, 0x0000000088c00000|  0%| F|  |TAMS 0x0000000088b00000, 0x0000000088b00000| Untracked 
| 140|0x0000000088c00000, 0x0000000088c00000, 0x0000000088d00000|  0%| F|  |TAMS 0x0000000088c00000, 0x0000000088c00000| Untracked 
| 141|0x0000000088d00000, 0x0000000088d00000, 0x0000000088e00000|  0%| F|  |TAMS 0x0000000088d00000, 0x0000000088d00000| Untracked 
| 142|0x0000000088e00000, 0x0000000088e00000, 0x0000000088f00000|  0%| F|  |TAMS 0x0000000088e00000, 0x0000000088e00000| Untracked 
| 143|0x0000000088f00000, 0x0000000088f00000, 0x0000000089000000|  0%| F|  |TAMS 0x0000000088f00000, 0x0000000088f00000| Untracked 
| 144|0x0000000089000000, 0x0000000089000000, 0x0000000089100000|  0%| F|  |TAMS 0x0000000089000000, 0x0000000089000000| Untracked 
| 145|0x0000000089100000, 0x0000000089100000, 0x0000000089200000|  0%| F|  |TAMS 0x0000000089100000, 0x0000000089100000| Untracked 
| 146|0x0000000089200000, 0x0000000089200000, 0x0000000089300000|  0%| F|  |TAMS 0x0000000089200000, 0x0000000089200000| Untracked 
| 147|0x0000000089300000, 0x0000000089300000, 0x0000000089400000|  0%| F|  |TAMS 0x0000000089300000, 0x0000000089300000| Untracked 
| 148|0x0000000089400000, 0x0000000089400000, 0x0000000089500000|  0%| F|  |TAMS 0x0000000089400000, 0x0000000089400000| Untracked 
| 149|0x0000000089500000, 0x0000000089500000, 0x0000000089600000|  0%| F|  |TAMS 0x0000000089500000, 0x0000000089500000| Untracked 
| 150|0x0000000089600000, 0x0000000089600000, 0x0000000089700000|  0%| F|  |TAMS 0x0000000089600000, 0x0000000089600000| Untracked 
| 151|0x0000000089700000, 0x0000000089700000, 0x0000000089800000|  0%| F|  |TAMS 0x0000000089700000, 0x0000000089700000| Untracked 
| 152|0x0000000089800000, 0x0000000089800000, 0x0000000089900000|  0%| F|  |TAMS 0x0000000089800000, 0x0000000089800000| Untracked 
| 153|0x0000000089900000, 0x0000000089900000, 0x0000000089a00000|  0%| F|  |TAMS 0x0000000089900000, 0x0000000089900000| Untracked 

Card table byte_map: [0x0000022cf9fa0000,0x0000022cfa3a0000] _byte_map_base: 0x0000022cf9ba0000

Marking Bits (Prev, Next): (CMBitMap*) 0x0000022ce31237c0, (CMBitMap*) 0x0000022ce3123788
 Prev Bits: [0x0000022cfc7a0000, 0x0000022cfe7a0000)
 Next Bits: [0x0000022cfa7a0000, 0x0000022cfc7a0000)

Polling page: 0x0000022ce17f0000

Metaspace:

Usage:
  Non-class:     30.58 MB capacity,    30.22 MB ( 99%) used,   304.71 KB ( <1%) free+waste,    58.38 KB ( <1%) overhead. 
      Class:      3.76 MB capacity,     3.49 MB ( 93%) used,   253.02 KB (  7%) free+waste,    24.88 KB ( <1%) overhead. 
       Both:     34.34 MB capacity,    33.71 MB ( 98%) used,   557.73 KB (  2%) free+waste,    83.25 KB ( <1%) overhead. 

Virtual space:
  Non-class space:       32.00 MB reserved,      30.75 MB ( 96%) committed 
      Class space:        1.00 GB reserved,       3.88 MB ( <1%) committed 
             Both:        1.03 GB reserved,      34.63 MB (  3%) committed 

Chunk freelists:
   Non-Class:  6.38 KB
       Class:  2.63 KB
        Both:  9.00 KB

CodeHeap 'non-profiled nmethods': size=120064Kb used=2693Kb max_used=2693Kb free=117370Kb
 bounds [0x0000022cf2260000, 0x0000022cf2510000, 0x0000022cf97a0000]
CodeHeap 'profiled nmethods': size=120000Kb used=12467Kb max_used=12467Kb free=107532Kb
 bounds [0x0000022cead30000, 0x0000022ceb960000, 0x0000022cf2260000]
CodeHeap 'non-nmethods': size=5696Kb used=1170Kb max_used=1212Kb free=4525Kb
 bounds [0x0000022cea7a0000, 0x0000022ceaa10000, 0x0000022cead30000]
 total_blobs=6220 nmethods=5715 adapters=414
 compilation: enabled
              stopped_count=0, restarted_count=0
 full_count=0

Compilation events (10 events):
Event: 11.544 Thread 0x0000022cfebd3800 nmethod 5732 0x0000022cf24fef10 code [0x0000022cf24ff0c0, 0x0000022cf24ff788]
Event: 11.544 Thread 0x0000022cfebd3800 5731       4       java.util.Collections$UnmodifiableMap$UnmodifiableEntrySet$1::next (20 bytes)
Event: 11.555 Thread 0x0000022cfebd3800 nmethod 5731 0x0000022cf24ffb10 code [0x0000022cf24ffcc0, 0x0000022cf2500388]
Event: 11.557 Thread 0x0000022cfebd3800 5736       4       jdk.internal.org.objectweb.asm.ClassWriter::put (152 bytes)
Event: 11.561 Thread 0x0000022cfebd3800 nmethod 5736 0x0000022cf2500910 code [0x0000022cf2500aa0, 0x0000022cf2500d78]
Event: 11.561 Thread 0x0000022cfebda000 5737       3       java.lang.invoke.DirectMethodHandle::preparedLambdaForm (248 bytes)
Event: 11.562 Thread 0x0000022cfebda000 nmethod 5737 0x0000022ceb95ac10 code [0x0000022ceb95aec0, 0x0000022ceb95b958]
Event: 11.563 Thread 0x0000022cfebda000 5741       3       java.lang.invoke.InvokerBytecodeGenerator::loadInsnOpcode (86 bytes)
Event: 11.564 Thread 0x0000022cfebda000 nmethod 5741 0x0000022ceb95be10 code [0x0000022ceb95c080, 0x0000022ceb95cbb8]
Event: 11.567 Thread 0x0000022cfebd3800 5742   !   4       java.net.URL::<init> (543 bytes)

GC Heap History (10 events):
Event: 1.593 GC heap after
{Heap after GC invocations=4 (full 0):
 garbage-first heap   total 131072K, used 4217K [0x0000000080000000, 0x0000000100000000)
  region size 1024K, 3 young (3072K), 3 survivors (3072K)
 Metaspace       used 14406K, capacity 14581K, committed 14720K, reserved 1062912K
  class space    used 1493K, capacity 1579K, committed 1664K, reserved 1048576K
}
Event: 3.047 GC heap before
{Heap before GC invocations=4 (full 0):
 garbage-first heap   total 131072K, used 34937K [0x0000000080000000, 0x0000000100000000)
  region size 1024K, 33 young (33792K), 3 survivors (3072K)
 Metaspace       used 19730K, capacity 20065K, committed 20224K, reserved 1067008K
  class space    used 2117K, capacity 2245K, committed 2304K, reserved 1048576K
}
Event: 3.063 GC heap after
{Heap after GC invocations=5 (full 0):
 garbage-first heap   total 157696K, used 7065K [0x0000000080000000, 0x0000000100000000)
  region size 1024K, 5 young (5120K), 5 survivors (5120K)
 Metaspace       used 19730K, capacity 20065K, committed 20224K, reserved 1067008K
  class space    used 2117K, capacity 2245K, committed 2304K, reserved 1048576K
}
Event: 4.532 GC heap before
{Heap before GC invocations=5 (full 0):
 garbage-first heap   total 157696K, used 59289K [0x0000000080000000, 0x0000000100000000)
  region size 1024K, 57 young (58368K), 5 survivors (5120K)
 Metaspace       used 20925K, capacity 21209K, committed 21248K, reserved 1069056K
  class space    used 2175K, capacity 2284K, committed 2304K, reserved 1048576K
}
Event: 4.580 GC heap after
{Heap after GC invocations=6 (full 0):
 garbage-first heap   total 157696K, used 11073K [0x0000000080000000, 0x0000000100000000)
  region size 1024K, 9 young (9216K), 9 survivors (9216K)
 Metaspace       used 20925K, capacity 21209K, committed 21248K, reserved 1069056K
  class space    used 2175K, capacity 2284K, committed 2304K, reserved 1048576K
}
Event: 7.373 GC heap before
{Heap before GC invocations=7 (full 0):
 garbage-first heap   total 157696K, used 69441K [0x0000000080000000, 0x0000000100000000)
  region size 1024K, 66 young (67584K), 9 survivors (9216K)
 Metaspace       used 30429K, capacity 31022K, committed 31232K, reserved 1077248K
  class space    used 3229K, capacity 3461K, committed 3584K, reserved 1048576K
}
Event: 7.414 GC heap after
{Heap after GC invocations=8 (full 0):
 garbage-first heap   total 157696K, used 19817K [0x0000000080000000, 0x0000000100000000)
  region size 1024K, 9 young (9216K), 9 survivors (9216K)
 Metaspace       used 30429K, capacity 31022K, committed 31232K, reserved 1077248K
  class space    used 3229K, capacity 3461K, committed 3584K, reserved 1048576K
}
Event: 9.773 GC heap before
{Heap before GC invocations=8 (full 0):
 garbage-first heap   total 157696K, used 81257K [0x0000000080000000, 0x0000000100000000)
  region size 1024K, 70 young (71680K), 9 survivors (9216K)
 Metaspace       used 32203K, capacity 32791K, committed 33024K, reserved 1079296K
  class space    used 3374K, capacity 3574K, committed 3584K, reserved 1048576K
}
Event: 9.827 GC heap after
{Heap after GC invocations=9 (full 0):
 garbage-first heap   total 157696K, used 36864K [0x0000000080000000, 0x0000000100000000)
  region size 1024K, 9 young (9216K), 9 survivors (9216K)
 Metaspace       used 32203K, capacity 32791K, committed 33024K, reserved 1079296K
  class space    used 3374K, capacity 3574K, committed 3584K, reserved 1048576K
}
Event: 11.643 GC heap before
{Heap before GC invocations=9 (full 0):
 garbage-first heap   total 157696K, used 95232K [0x0000000080000000, 0x0000000100000000)
  region size 1024K, 66 young (67584K), 9 survivors (9216K)
 Metaspace       used 34519K, capacity 35160K, committed 35456K, reserved 1081344K
  class space    used 3573K, capacity 3851K, committed 3968K, reserved 1048576K
}

Deoptimization events (10 events):
Event: 10.832 Thread 0x0000022c83a40000 Uncommon trap: reason=unstable_if action=reinterpret pc=0x0000022cf2454f68 method=jdk.internal.org.objectweb.asm.Type.getArgumentsAndReturnSizes(Ljava/lang/String;)I @ 136 c2
Event: 11.139 Thread 0x0000022c83137800 Uncommon trap: reason=bimorphic_or_optimized_type_check action=maybe_recompile pc=0x0000022cf242f0e0 method=java.util.concurrent.locks.AbstractQueuedSynchronizer.release(I)Z @ 2 c2
Event: 11.139 Thread 0x0000022c84401000 Uncommon trap: reason=bimorphic_or_optimized_type_check action=maybe_recompile pc=0x0000022cf242f0e0 method=java.util.concurrent.locks.AbstractQueuedSynchronizer.release(I)Z @ 2 c2
Event: 11.139 Thread 0x0000022c83137800 Uncommon trap: reason=bimorphic_or_optimized_type_check action=maybe_recompile pc=0x0000022cf242f0e0 method=java.util.concurrent.locks.AbstractQueuedSynchronizer.release(I)Z @ 2 c2
Event: 11.140 Thread 0x0000022c82dbf000 Uncommon trap: reason=bimorphic_or_optimized_type_check action=maybe_recompile pc=0x0000022cf242f0e0 method=java.util.concurrent.locks.AbstractQueuedSynchronizer.release(I)Z @ 2 c2
Event: 11.141 Thread 0x0000022c84401000 Uncommon trap: reason=unstable_if action=reinterpret pc=0x0000022cf24443f0 method=java.util.concurrent.locks.AbstractQueuedSynchronizer.doReleaseShared()V @ 6 c2
Event: 11.525 Thread 0x0000022ce30e6000 Uncommon trap: reason=class_check action=maybe_recompile pc=0x0000022cf23a5a4c method=java.util.Collections$UnmodifiableMap$UnmodifiableEntrySet$1.next()Ljava/util/Map$Entry; @ 8 c2
Event: 11.525 Thread 0x0000022ce30e6000 Uncommon trap: reason=class_check action=maybe_recompile pc=0x0000022cf23a5a4c method=java.util.Collections$UnmodifiableMap$UnmodifiableEntrySet$1.next()Ljava/util/Map$Entry; @ 8 c2
Event: 11.525 Thread 0x0000022ce30e6000 Uncommon trap: reason=class_check action=maybe_recompile pc=0x0000022cf23a5a4c method=java.util.Collections$UnmodifiableMap$UnmodifiableEntrySet$1.next()Ljava/util/Map$Entry; @ 8 c2
Event: 11.525 Thread 0x0000022ce30e6000 Uncommon trap: reason=class_check action=maybe_recompile pc=0x0000022cf23a5a4c method=java.util.Collections$UnmodifiableMap$UnmodifiableEntrySet$1.next()Ljava/util/Map$Entry; @ 8 c2

Classes redefined (0 events):
No events

Internal exceptions (10 events):
Event: 9.936 Thread 0x0000022ce30e6000 Exception <a 'sun/nio/fs/WindowsException'{0x00000000893f06c0}> (0x00000000893f06c0) thrown at [./open/src/hotspot/share/prims/jni.cpp, line 611]
Event: 9.936 Thread 0x0000022ce30e6000 Exception <a 'sun/nio/fs/WindowsException'{0x00000000893f1388}> (0x00000000893f1388) thrown at [./open/src/hotspot/share/prims/jni.cpp, line 611]
Event: 10.763 Thread 0x0000022ce30e6000 Exception <a 'java/lang/NoSuchMethodError'{0x0000000087a0cf18}: org.apache.maven.execution.MavenExecutionRequest.getFailureBehavior()Ljava/lang/String;> (0x0000000087a0cf18) thrown at [./open/src/hotspot/share/interpreter/linkResolver.cpp, line 864]
Event: 10.834 Thread 0x0000022c83a40000 Exception <a 'java/lang/NoSuchMethodError'{0x0000000087a9e8b8}: java.lang.invoke.DirectMethodHandle$Holder.invokeStaticInit(Ljava/lang/Object;Ljava/lang/Object;JLjava/lang/Object;)Ljava/lang/Object;> (0x0000000087a9e8b8) thrown at [./open/src/hotspot/shar
Event: 10.835 Thread 0x0000022c83a40000 Exception <a 'java/lang/NoSuchMethodError'{0x0000000087aaa9d8}: java.lang.invoke.Invokers$Holder.linkToTargetMethod(Ljava/lang/Object;JLjava/lang/Object;)Ljava/lang/Object;> (0x0000000087aaa9d8) thrown at [./open/src/hotspot/share/interpreter/linkResolver
Event: 10.965 Thread 0x0000022ce30e6000 Exception <a 'java/lang/NoSuchMethodError'{0x00000000879c34e0}: java.lang.invoke.DirectMethodHandle$Holder.invokeStaticInit(Ljava/lang/Object;Ljava/lang/Object;IIII)Ljava/lang/Object;> (0x00000000879c34e0) thrown at [./open/src/hotspot/share/interpreter/l
Event: 11.557 Thread 0x0000022ce30e6000 Exception <a 'java/lang/NoSuchMethodError'{0x000000008613a240}: java.lang.invoke.DirectMethodHandle$Holder.invokeStatic(Ljava/lang/Object;J)V> (0x000000008613a240) thrown at [./open/src/hotspot/share/interpreter/linkResolver.cpp, line 772]
Event: 11.563 Thread 0x0000022ce30e6000 Exception <a 'java/lang/NoSuchMethodError'{0x000000008613f450}: java.lang.invoke.DirectMethodHandle$Holder.invokeStatic(Ljava/lang/Object;J)Ljava/lang/Object;> (0x000000008613f450) thrown at [./open/src/hotspot/share/interpreter/linkResolver.cpp, line 772
Event: 11.563 Thread 0x0000022ce30e6000 Exception <a 'java/lang/NoSuchMethodError'{0x0000000086142778}: java.lang.invoke.DirectMethodHandle$Holder.invokeSpecial(Ljava/lang/Object;Ljava/lang/Object;J)Ljava/lang/Object;> (0x0000000086142778) thrown at [./open/src/hotspot/share/interpreter/linkRes
Event: 11.564 Thread 0x0000022ce30e6000 Exception <a 'java/lang/NoSuchMethodError'{0x00000000861454e0}: java.lang.invoke.Invokers$Holder.linkToTargetMethod(JLjava/lang/Object;)Ljava/lang/Object;> (0x00000000861454e0) thrown at [./open/src/hotspot/share/interpreter/linkResolver.cpp, line 772]

Events (10 events):
Event: 11.606 Thread 0x0000022c8483a000 Thread added: 0x0000022c8483a000
Event: 11.606 loading class org/apache/maven/surefire/shade/org/apache/maven/shared/utils/cli/CommandLineUtils$1
Event: 11.606 loading class org/apache/maven/surefire/shade/org/apache/maven/shared/utils/cli/CommandLineUtils$1 done
Event: 11.606 loading class org/apache/maven/surefire/shade/org/apache/maven/shared/utils/cli/CommandLineUtils$1
Event: 11.606 loading class org/apache/maven/surefire/shade/org/apache/maven/shared/utils/cli/CommandLineUtils$1 done
Event: 11.607 loading class org/apache/maven/surefire/shade/org/apache/maven/shared/utils/cli/CommandLineTimeOutException
Event: 11.607 loading class org/apache/maven/surefire/shade/org/apache/maven/shared/utils/cli/CommandLineTimeOutException done
Event: 11.607 loading class org/apache/maven/surefire/shade/org/apache/maven/shared/utils/cli/CommandLineTimeOutException
Event: 11.607 loading class org/apache/maven/surefire/shade/org/apache/maven/shared/utils/cli/CommandLineTimeOutException done
Event: 11.643 Executing VM operation: G1CollectForAllocation


Dynamic libraries:
0x00007ff7c20d0000 - 0x00007ff7c20df000 	C:\Program Files\Java\jdk-11.0.15\bin\java.exe
0x00007fffbdcf0000 - 0x00007fffbdee8000 	C:\Windows\SYSTEM32\ntdll.dll
0x00007fffbcbb0000 - 0x00007fffbcc6d000 	C:\Windows\System32\KERNEL32.DLL
0x00007fffbb730000 - 0x00007fffbb9fe000 	C:\Windows\System32\KERNELBASE.dll
0x00007fffbb600000 - 0x00007fffbb700000 	C:\Windows\System32\ucrtbase.dll
0x00007fffa6b50000 - 0x00007fffa6b65000 	C:\Program Files\Java\jdk-11.0.15\bin\VCRUNTIME140.dll
0x00007fffa6b70000 - 0x00007fffa6b88000 	C:\Program Files\Java\jdk-11.0.15\bin\jli.dll
0x00007fffbcb00000 - 0x00007fffbcbae000 	C:\Windows\System32\ADVAPI32.dll
0x00007fffbcfb0000 - 0x00007fffbd04e000 	C:\Windows\System32\msvcrt.dll
0x00007fffbd870000 - 0x00007fffbd90c000 	C:\Windows\System32\sechost.dll
0x00007fffbcc90000 - 0x00007fffbcdb5000 	C:\Windows\System32\RPCRT4.dll
0x00007fffbc190000 - 0x00007fffbc330000 	C:\Windows\System32\USER32.dll
0x00007fffbb410000 - 0x00007fffbb432000 	C:\Windows\System32\win32u.dll
0x00007fffbd060000 - 0x00007fffbd08a000 	C:\Windows\System32\GDI32.dll
0x00007fffbbbf0000 - 0x00007fffbbcfb000 	C:\Windows\System32\gdi32full.dll
0x00007fffa68b0000 - 0x00007fffa6b4a000 	C:\Windows\WinSxS\amd64_microsoft.windows.common-controls_6595b64144ccf1df_6.0.19041.1110_none_60b5254171f9507e\COMCTL32.dll
0x00007fffbb560000 - 0x00007fffbb5fd000 	C:\Windows\System32\msvcp_win.dll
0x00007fffb3360000 - 0x00007fffb336a000 	C:\Windows\SYSTEM32\VERSION.dll
0x00007fffbd090000 - 0x00007fffbd0c0000 	C:\Windows\System32\IMM32.DLL
0x00007fffa6810000 - 0x00007fffa68ab000 	C:\Program Files\Java\jdk-11.0.15\bin\msvcp140.dll
0x00007fffa5cc0000 - 0x00007fffa67d6000 	C:\Program Files\Java\jdk-11.0.15\bin\server\jvm.dll
0x00007fffbd050000 - 0x00007fffbd058000 	C:\Windows\System32\PSAPI.DLL
0x00007fffa5c80000 - 0x00007fffa5ca7000 	C:\Windows\SYSTEM32\WINMM.dll
0x00007fffa5cb0000 - 0x00007fffa5cb9000 	C:\Windows\SYSTEM32\WSOCK32.dll
0x00007fffbcdc0000 - 0x00007fffbce2b000 	C:\Windows\System32\WS2_32.dll
0x00007fffb92f0000 - 0x00007fffb9302000 	C:\Windows\SYSTEM32\kernel.appcore.dll
0x00007fffa6d50000 - 0x00007fffa6d60000 	C:\Program Files\Java\jdk-11.0.15\bin\verify.dll
0x00007fffa8630000 - 0x00007fffa8814000 	C:\Windows\SYSTEM32\DBGHELP.DLL
0x00007fffa8600000 - 0x00007fffa862c000 	C:\Windows\SYSTEM32\dbgcore.DLL
0x00007fffbbb60000 - 0x00007fffbbbe2000 	C:\Windows\System32\bcryptPrimitives.dll
0x00007fffa59f0000 - 0x00007fffa5a18000 	C:\Program Files\Java\jdk-11.0.15\bin\java.dll
0x00007fffa6d40000 - 0x00007fffa6d4a000 	C:\Program Files\Java\jdk-11.0.15\bin\jimage.dll
0x00007fffa59d0000 - 0x00007fffa59e6000 	C:\Program Files\Java\jdk-11.0.15\bin\zip.dll
0x00007fffbd0c0000 - 0x00007fffbd804000 	C:\Windows\System32\SHELL32.dll
0x00007fffb94f0000 - 0x00007fffb9c84000 	C:\Windows\SYSTEM32\windows.storage.dll
0x00007fffbbd50000 - 0x00007fffbc0a4000 	C:\Windows\System32\combase.dll
0x00007fffbacc0000 - 0x00007fffbacf0000 	C:\Windows\SYSTEM32\Wldp.dll
0x00007fffbc9a0000 - 0x00007fffbca4d000 	C:\Windows\System32\SHCORE.dll
0x00007fffbce30000 - 0x00007fffbce85000 	C:\Windows\System32\shlwapi.dll
0x00007fffbb350000 - 0x00007fffbb36f000 	C:\Windows\SYSTEM32\profapi.dll
0x00007fffa5140000 - 0x00007fffa5159000 	C:\Program Files\Java\jdk-11.0.15\bin\net.dll
0x00007fffb3850000 - 0x00007fffb395a000 	C:\Windows\SYSTEM32\WINHTTP.dll
0x00007fffbaaa0000 - 0x00007fffbab0a000 	C:\Windows\system32\mswsock.dll
0x00007fffa5120000 - 0x00007fffa5132000 	C:\Program Files\Java\jdk-11.0.15\bin\nio.dll
0x0000000069ac0000 - 0x0000000069ae4000 	C:\Users\sfjbs\Downloads\apache-maven-3.8.6-bin\apache-maven-3.8.6\lib\jansi-native\Windows\x86_64\jansi.dll
0x00007fffbad00000 - 0x00007fffbad18000 	C:\Windows\SYSTEM32\CRYPTSP.dll
0x00007fffba440000 - 0x00007fffba474000 	C:\Windows\system32\rsaenh.dll
0x00007fffbb700000 - 0x00007fffbb727000 	C:\Windows\System32\bcrypt.dll
0x00007fffbb2d0000 - 0x00007fffbb2fe000 	C:\Windows\SYSTEM32\USERENV.dll
0x00007fffbac30000 - 0x00007fffbac3c000 	C:\Windows\SYSTEM32\CRYPTBASE.dll
0x00007fffba7b0000 - 0x00007fffba7eb000 	C:\Windows\SYSTEM32\IPHLPAPI.DLL
0x00007fffbcaf0000 - 0x00007fffbcaf8000 	C:\Windows\System32\NSI.dll
0x00007fffb3e70000 - 0x00007fffb3e87000 	C:\Windows\SYSTEM32\dhcpcsvc6.DLL
0x00007fffb3e50000 - 0x00007fffb3e6d000 	C:\Windows\SYSTEM32\dhcpcsvc.DLL
0x00007fffba7f0000 - 0x00007fffba8ba000 	C:\Windows\SYSTEM32\DNSAPI.dll

dbghelp: loaded successfully - version: 4.0.5 - missing functions: none
symbol engine: initialized successfully - sym options: 0x614 - pdb path: .;C:\Program Files\Java\jdk-11.0.15\bin;C:\Windows\SYSTEM32;C:\Windows\WinSxS\amd64_microsoft.windows.common-controls_6595b64144ccf1df_6.0.19041.1110_none_60b5254171f9507e;C:\Program Files\Java\jdk-11.0.15\bin\server;C:\Users\sfjbs\Downloads\apache-maven-3.8.6-bin\apache-maven-3.8.6\lib\jansi-native\Windows\x86_64

VM Arguments:
jvm_args: -Dclassworlds.conf=C:\Users\sfjbs\Downloads\apache-maven-3.8.6-bin\apache-maven-3.8.6\bin\m2.conf -Dmaven.home=C:\Users\sfjbs\Downloads\apache-maven-3.8.6-bin\apache-maven-3.8.6 -Dlibrary.jansi.path=C:\Users\sfjbs\Downloads\apache-maven-3.8.6-bin\apache-maven-3.8.6\lib\jansi-native -Dmaven.multiModuleProjectDirectory=C:\Users\sfjbs\IdeaProjects\ashish\Day_10\hospital-management-system 
java_command: org.codehaus.plexus.classworlds.launcher.Launcher clean install
java_class_path (initial): C:\Users\sfjbs\Downloads\apache-maven-3.8.6-bin\apache-maven-3.8.6\boot\plexus-classworlds-2.6.0.jar
Launcher Type: SUN_STANDARD

[Global flags]
     intx CICompilerCount                          = 2                                         {product} {ergonomic}
     uint ConcGCThreads                            = 1                                         {product} {ergonomic}
     uint G1ConcRefinementThreads                  = 2                                         {product} {ergonomic}
   size_t G1HeapRegionSize                         = 1048576                                   {product} {ergonomic}
    uintx GCDrainStackTargetSize                   = 64                                        {product} {ergonomic}
   size_t InitialHeapSize                          = 134217728                                 {product} {ergonomic}
   size_t MarkStackSize                            = 4194304                                   {product} {ergonomic}
   size_t MaxHeapSize                              = 2147483648                                {product} {ergonomic}
   size_t MaxNewSize                               = 1287651328                                {product} {ergonomic}
   size_t MinHeapDeltaBytes                        = 1048576                                   {product} {ergonomic}
    uintx NonNMethodCodeHeapSize                   = 5825164                                {pd product} {ergonomic}
    uintx NonProfiledCodeHeapSize                  = 122916538                              {pd product} {ergonomic}
    uintx ProfiledCodeHeapSize                     = 122916538                              {pd product} {ergonomic}
    uintx ReservedCodeCacheSize                    = 251658240                              {pd product} {ergonomic}
     bool SegmentedCodeCache                       = true                                      {product} {ergonomic}
     bool UseCompressedClassPointers               = true                                 {lp64_product} {ergonomic}
     bool UseCompressedOops                        = true                                 {lp64_product} {ergonomic}
     bool UseG1GC                                  = true                                      {product} {ergonomic}
     bool UseLargePagesIndividualAllocation        = false                                  {pd product} {ergonomic}

Logging:
Log output configuration:
 #0: stdout all=warning uptime,level,tags
 #1: stderr all=off uptime,level,tags

Environment Variables:
PATH=C:\Program Files\Common Files\Oracle\Java\javapath;C:\Windows\system32;C:\Windows;C:\Windows\System32\Wbem;C:\Windows\System32\WindowsPowerShell\v1.0\;C:\Windows\System32\OpenSSH\;C:\Program Files\PuTTY\;C:\Program Files\Git\cmd;C:\Users\sfjbs\Downloads\apache-maven-3.8.6-bin\apache-maven-3.8.6\bin;C:\Users\sfjbs\Downloads\apache-maven-3.8.6-bin\apache-maven-3.8.6\lib;;C:\Program Files\Docker\Docker\resources\bin;C:\ProgramData\DockerDesktop\version-bin;C:\Users\sfjbs\AppData\Local\Microsoft\WindowsApps;C:\Program Files\JetBrains\IntelliJ IDEA Community Edition 2022.2.1\bin;;C:\Users\sfjbs\Downloads\apache-maven-3.8.6-bin\apache-maven-3.8.6\bin;C:\Users\sfjbs\Downloads\apache-maven-3.8.6-bin\apache-maven-3.8.6\lib;
USERNAME=sfjbs
OS=Windows_NT
PROCESSOR_IDENTIFIER=Intel64 Family 6 Model 85 Stepping 7, GenuineIntel



---------------  S Y S T E M  ---------------

OS: Windows 10 , 64 bit Build 19041 (10.0.19041.1889)
Hyper-V role detected

CPU:total 2 (initial active 2) (1 cores per cpu, 2 threads per core) family 6 model 85 stepping 7 microcode 0xffffffff, cmov, cx8, fxsr, mmx, sse, sse2, sse3, ssse3, sse4.1, sse4.2, popcnt, avx, avx2, aes, clmul, erms, rtm, 3dnowpref, lzcnt, ht, tsc, bmi1, bmi2, adx, evex, fma

Memory: 4k page, system-wide physical 8190M (953M free)
TotalPageFile size 10238M (AvailPageFile size 54M)
current process WorkingSet (physical memory assigned to process): 236M, peak: 236M
current process commit charge ("private bytes"): 302M, peak: 379M

vm_info: Java HotSpot(TM) 64-Bit Server VM (11.0.15+8-LTS-149) for windows-amd64 JRE (11.0.15+8-LTS-149), built on Mar  9 2022 22:42:32 by "mach5one" with MS VC++ 15.9 (VS2017)

END.
