#
# There is insufficient memory for the Java Runtime Environment to continue.
# Native memory allocation (mmap) failed to map 32505856 bytes for Failed to commit area from 0x0000000089a00000 to 0x000000008b900000 of length 32505856.
# Possible reasons:
#   The system is out of physical RAM or swap space
#   The process is running with CompressedOops enabled, and the Java Heap may be blocking the growth of the native heap
# Possible solutions:
#   Reduce memory load on the system
#   Increase physical memory or swap space
#   Check if swap backing store is full
#   Decrease Java heap size (-Xmx/-Xms)
#   Decrease number of Java threads
#   Decrease Java thread stack sizes (-Xss)
#   Set larger code cache with -XX:ReservedCodeCacheSize=
#   JVM is running with Unscaled Compressed Oops mode in which the Java heap is
#     placed in the first 4GB address space. The Java Heap base address is the
#     maximum limit for the native heap growth. Please use -XX:HeapBaseMinAddress
#     to set the Java Heap base and to place the Java Heap above 4GB virtual address.
# This output file may be truncated or incomplete.
#
#  Out of Memory Error (./open/src/hotspot/os/windows/os_windows.cpp:3287), pid=17224, tid=18316
#
# JRE version: Java(TM) SE Runtime Environment 18.9 (11.0.15+8) (build 11.0.15+8-LTS-149)
# Java VM: Java HotSpot(TM) 64-Bit Server VM 18.9 (11.0.15+8-LTS-149, mixed mode, tiered, compressed oops, g1 gc, windows-amd64)
# No core dump will be written. Minidumps are not enabled by default on client versions of Windows
#

---------------  S U M M A R Y ------------

Command Line: C:\Users\sfjbs\AppData\Local\Temp\surefire10891771854004134532\surefirebooter3113231162335509378.jar C:\Users\sfjbs\AppData\Local\Temp\surefire10891771854004134532 2022-09-06T05-38-06_550-jvmRun1 surefire17825883002136988449tmp surefire_04343567763858533237tmp

Host: Intel(R) Xeon(R) Platinum 8272CL CPU @ 2.60GHz, 2 cores, 7G,  Windows 10 , 64 bit Build 19041 (10.0.19041.1889)
Time: Tue Sep  6 05:38:17 2022 Coordinated Universal Time elapsed time: 9.430547 seconds (0d 0h 0m 9s)

---------------  T H R E A D  ---------------

Current thread (0x0000019541b17800):  VMThread "VM Thread" [stack: 0x00000046ebc00000,0x00000046ebd00000] [id=18316]

Stack: [0x00000046ebc00000,0x00000046ebd00000]
[error occurred during error reporting (printing stack bounds), id 0xc0000005, EXCEPTION_ACCESS_VIOLATION (0xc0000005) at pc=0x000001952bd810e7]

Native frames: (J=compiled Java code, j=interpreted, Vv=VM code, C=native code)
V  [jvm.dll+0x629d8a]
V  [jvm.dll+0x7638ff]
V  [jvm.dll+0x764fa9]
V  [jvm.dll+0x765595]
V  [jvm.dll+0x76554b]
V  [jvm.dll+0x629273]
V  [jvm.dll+0x629988]
C  [ntdll.dll+0xa229f]
C  [ntdll.dll+0x51454]
C  [ntdll.dll+0xa0dce]
C  0x000001952bd810e7

VM_Operation (0x00000046eb6f9840): G1CollectForAllocation, mode: safepoint, requested by thread 0x00000195246c9000


---------------  P R O C E S S  ---------------

Threads class SMR info:
_java_thread_list=0x000001954581d810, length=14, elements={
0x00000195246c9000, 0x0000019541b2c000, 0x0000019541b2d800, 0x0000019541b3a000,
0x0000019541b3d000, 0x0000019541b40000, 0x0000019541b42000, 0x00000195423d5000,
0x00000195423f0800, 0x00000195424e9800, 0x00000195426ec800, 0x0000019543a9f000,
0x000001954406d800, 0x00000195436f3800
}

Java Threads: ( => current thread )
  0x00000195246c9000 JavaThread "main" [_thread_blocked, id=10692, stack(0x00000046eb600000,0x00000046eb700000)]
  0x0000019541b2c000 JavaThread "Reference Handler" daemon [_thread_blocked, id=17908, stack(0x00000046ebd00000,0x00000046ebe00000)]
  0x0000019541b2d800 JavaThread "Finalizer" daemon [_thread_blocked, id=14808, stack(0x00000046ebe00000,0x00000046ebf00000)]
  0x0000019541b3a000 JavaThread "Signal Dispatcher" daemon [_thread_blocked, id=18420, stack(0x00000046ebf00000,0x00000046ec000000)]
  0x0000019541b3d000 JavaThread "Attach Listener" daemon [_thread_blocked, id=18320, stack(0x00000046ec000000,0x00000046ec100000)]
  0x0000019541b40000 JavaThread "Service Thread" daemon [_thread_blocked, id=2600, stack(0x00000046ec100000,0x00000046ec200000)]
  0x0000019541b42000 JavaThread "C2 CompilerThread0" daemon [_thread_blocked, id=18380, stack(0x00000046ec200000,0x00000046ec300000)]
  0x00000195423d5000 JavaThread "C1 CompilerThread0" daemon [_thread_blocked, id=18368, stack(0x00000046ec300000,0x00000046ec400000)]
  0x00000195423f0800 JavaThread "Sweeper thread" daemon [_thread_blocked, id=17468, stack(0x00000046ec400000,0x00000046ec500000)]
  0x00000195424e9800 JavaThread "Common-Cleaner" daemon [_thread_blocked, id=16228, stack(0x00000046ec600000,0x00000046ec700000)]
  0x00000195426ec800 JavaThread "surefire-forkedjvm-ping-30s" daemon [_thread_blocked, id=15828, stack(0x00000046ec700000,0x00000046ec800000)]
  0x0000019543a9f000 JavaThread "BufferPoolPruner-1-thread-1" daemon [_thread_blocked, id=18152, stack(0x00000046eca00000,0x00000046ecb00000)]
  0x000001954406d800 JavaThread "cluster-ClusterId{value='6316dcc7cf06935c23978e21', description='null'}-localhost:27017" daemon [_thread_in_native, id=8148, stack(0x00000046ecb00000,0x00000046ecc00000)]
  0x00000195436f3800 JavaThread "cluster-rtt-ClusterId{value='6316dcc7cf06935c23978e21', description='null'}-localhost:27017" daemon [_thread_in_native, id=5240, stack(0x00000046ecc00000,0x00000046ecd00000)]

Other Threads:
=>0x0000019541b17800 VMThread "VM Thread" [stack: 0x00000046ebc00000,0x00000046ebd00000] [id=18316]
  0x00000195424e8000 WatcherThread [stack: 0x00000046ec500000,0x00000046ec600000] [id=17692]
  0x00000195246dd000 GCTaskThread "GC Thread#0" [stack: 0x00000046eb700000,0x00000046eb800000] [id=10600]
  0x000001954283f000 GCTaskThread "GC Thread#1" [stack: 0x00000046ec800000,0x00000046ec900000] [id=16460]
  0x000001952470b000 ConcurrentGCThread "G1 Main Marker" [stack: 0x00000046eb800000,0x00000046eb900000] [id=10308]
  0x000001952470c800 ConcurrentGCThread "G1 Conc#0" [stack: 0x00000046eb900000,0x00000046eba00000] [id=17884]
  0x0000019524794000 ConcurrentGCThread "G1 Refine#0" [stack: 0x00000046eba00000,0x00000046ebb00000] [id=9916]
  0x0000019542656000 ConcurrentGCThread "G1 Refine#1" [stack: 0x00000046ec900000,0x00000046eca00000] [id=18220]
  0x0000019524796000 ConcurrentGCThread "G1 Young RemSet Sampling" [stack: 0x00000046ebb00000,0x00000046ebc00000] [id=16840]

Threads with active compile tasks:
C2 CompilerThread0   9439 3819       4       org.springframework.beans.factory.support.AbstractBeanFactory::getMergedLocalBeanDefinition (38 bytes)

VM state:at safepoint (normal execution)

VM Mutex/Monitor currently owned by a thread:  ([mutex/lock_event])
[0x00000195246c6bf0] Threads_lock - owner thread: 0x0000019541b17800
[0x00000195246c72b0] Heap_lock - owner thread: 0x00000195246c9000

Heap address: 0x0000000080000000, size: 2048 MB, Compressed Oops mode: 32-bit
Narrow klass base: 0x0000000000000000, Narrow klass shift: 3
Compressed class space size: 1073741824 Address: 0x0000000100000000

Heap:
 garbage-first heap   total 189440K, used 18321K [0x0000000080000000, 0x0000000100000000)
  region size 1024K, 9 young (9216K), 9 survivors (9216K)
 Metaspace       used 41807K, capacity 43326K, committed 43440K, reserved 1087488K
  class space    used 5199K, capacity 5843K, committed 5888K, reserved 1048576K
Heap Regions: E=young(eden), S=young(survivor), O=old, HS=humongous(starts), HC=humongous(continues), CS=collection set, F=free, A=archive, TAMS=top-at-mark-start (previous, next)
|   0|0x0000000080000000, 0x0000000080100000, 0x0000000080100000|100%| O|  |TAMS 0x0000000080100000, 0x0000000080000000| Untracked 
|   1|0x0000000080100000, 0x0000000080200000, 0x0000000080200000|100%| O|  |TAMS 0x0000000080200000, 0x0000000080100000| Untracked 
|   2|0x0000000080200000, 0x0000000080300000, 0x0000000080300000|100%| O|  |TAMS 0x0000000080300000, 0x0000000080200000| Untracked 
|   3|0x0000000080300000, 0x0000000080400000, 0x0000000080400000|100%| O|  |TAMS 0x0000000080400000, 0x0000000080300000| Untracked 
|   4|0x0000000080400000, 0x0000000080500000, 0x0000000080500000|100%| O|  |TAMS 0x0000000080500000, 0x0000000080400000| Untracked 
|   5|0x0000000080500000, 0x0000000080600000, 0x0000000080600000|100%| O|  |TAMS 0x0000000080600000, 0x0000000080500000| Untracked 
|   6|0x0000000080600000, 0x0000000080700000, 0x0000000080700000|100%| O|  |TAMS 0x0000000080700000, 0x0000000080600000| Untracked 
|   7|0x0000000080700000, 0x0000000080800000, 0x0000000080800000|100%| O|  |TAMS 0x00000000807a7e00, 0x0000000080700000| Untracked 
|   8|0x0000000080800000, 0x0000000080900000, 0x0000000080900000|100%| O|  |TAMS 0x0000000080800000, 0x0000000080800000| Untracked 
|   9|0x0000000080900000, 0x0000000080964400, 0x0000000080a00000| 39%| O|  |TAMS 0x0000000080900000, 0x0000000080900000| Untracked 
|  10|0x0000000080a00000, 0x0000000080a00000, 0x0000000080b00000|  0%| F|  |TAMS 0x0000000080a00000, 0x0000000080a00000| Untracked 
|  11|0x0000000080b00000, 0x0000000080b00000, 0x0000000080c00000|  0%| F|  |TAMS 0x0000000080b00000, 0x0000000080b00000| Untracked 
|  12|0x0000000080c00000, 0x0000000080c00000, 0x0000000080d00000|  0%| F|  |TAMS 0x0000000080c00000, 0x0000000080c00000| Untracked 
|  13|0x0000000080d00000, 0x0000000080d00000, 0x0000000080e00000|  0%| F|  |TAMS 0x0000000080d00000, 0x0000000080d00000| Untracked 
|  14|0x0000000080e00000, 0x0000000080e00000, 0x0000000080f00000|  0%| F|  |TAMS 0x0000000080e00000, 0x0000000080e00000| Untracked 
|  15|0x0000000080f00000, 0x0000000080f00000, 0x0000000081000000|  0%| F|  |TAMS 0x0000000080f00000, 0x0000000080f00000| Untracked 
|  16|0x0000000081000000, 0x0000000081000000, 0x0000000081100000|  0%| F|  |TAMS 0x0000000081000000, 0x0000000081000000| Untracked 
|  17|0x0000000081100000, 0x0000000081100000, 0x0000000081200000|  0%| F|  |TAMS 0x0000000081100000, 0x0000000081100000| Untracked 
|  18|0x0000000081200000, 0x0000000081200000, 0x0000000081300000|  0%| F|  |TAMS 0x0000000081200000, 0x0000000081200000| Untracked 
|  19|0x0000000081300000, 0x0000000081300000, 0x0000000081400000|  0%| F|  |TAMS 0x0000000081300000, 0x0000000081300000| Untracked 
|  20|0x0000000081400000, 0x0000000081400000, 0x0000000081500000|  0%| F|  |TAMS 0x0000000081400000, 0x0000000081400000| Untracked 
|  21|0x0000000081500000, 0x0000000081500000, 0x0000000081600000|  0%| F|  |TAMS 0x0000000081500000, 0x0000000081500000| Untracked 
|  22|0x0000000081600000, 0x0000000081600000, 0x0000000081700000|  0%| F|  |TAMS 0x0000000081600000, 0x0000000081600000| Untracked 
|  23|0x0000000081700000, 0x0000000081700000, 0x0000000081800000|  0%| F|  |TAMS 0x0000000081700000, 0x0000000081700000| Untracked 
|  24|0x0000000081800000, 0x0000000081800000, 0x0000000081900000|  0%| F|  |TAMS 0x0000000081800000, 0x0000000081800000| Untracked 
|  25|0x0000000081900000, 0x0000000081900000, 0x0000000081a00000|  0%| F|  |TAMS 0x0000000081900000, 0x0000000081900000| Untracked 
|  26|0x0000000081a00000, 0x0000000081a00000, 0x0000000081b00000|  0%| F|  |TAMS 0x0000000081a00000, 0x0000000081a00000| Untracked 
|  27|0x0000000081b00000, 0x0000000081b00000, 0x0000000081c00000|  0%| F|  |TAMS 0x0000000081b00000, 0x0000000081b00000| Untracked 
|  28|0x0000000081c00000, 0x0000000081c00000, 0x0000000081d00000|  0%| F|  |TAMS 0x0000000081c00000, 0x0000000081c00000| Untracked 
|  29|0x0000000081d00000, 0x0000000081d00000, 0x0000000081e00000|  0%| F|  |TAMS 0x0000000081d00000, 0x0000000081d00000| Untracked 
|  30|0x0000000081e00000, 0x0000000081e00000, 0x0000000081f00000|  0%| F|  |TAMS 0x0000000081e00000, 0x0000000081e00000| Untracked 
|  31|0x0000000081f00000, 0x0000000081f00000, 0x0000000082000000|  0%| F|  |TAMS 0x0000000081f00000, 0x0000000081f00000| Untracked 
|  32|0x0000000082000000, 0x0000000082000000, 0x0000000082100000|  0%| F|  |TAMS 0x0000000082000000, 0x0000000082000000| Untracked 
|  33|0x0000000082100000, 0x0000000082100000, 0x0000000082200000|  0%| F|  |TAMS 0x0000000082100000, 0x0000000082100000| Untracked 
|  34|0x0000000082200000, 0x0000000082200000, 0x0000000082300000|  0%| F|  |TAMS 0x0000000082200000, 0x0000000082200000| Untracked 
|  35|0x0000000082300000, 0x0000000082300000, 0x0000000082400000|  0%| F|  |TAMS 0x0000000082300000, 0x0000000082300000| Untracked 
|  36|0x0000000082400000, 0x0000000082400000, 0x0000000082500000|  0%| F|  |TAMS 0x0000000082400000, 0x0000000082400000| Untracked 
|  37|0x0000000082500000, 0x0000000082500000, 0x0000000082600000|  0%| F|  |TAMS 0x0000000082500000, 0x0000000082500000| Untracked 
|  38|0x0000000082600000, 0x0000000082600000, 0x0000000082700000|  0%| F|  |TAMS 0x0000000082600000, 0x0000000082600000| Untracked 
|  39|0x0000000082700000, 0x0000000082700000, 0x0000000082800000|  0%| F|  |TAMS 0x0000000082700000, 0x0000000082700000| Untracked 
|  40|0x0000000082800000, 0x0000000082800000, 0x0000000082900000|  0%| F|  |TAMS 0x0000000082800000, 0x0000000082800000| Untracked 
|  41|0x0000000082900000, 0x0000000082900000, 0x0000000082a00000|  0%| F|  |TAMS 0x0000000082900000, 0x0000000082900000| Untracked 
|  42|0x0000000082a00000, 0x0000000082a00000, 0x0000000082b00000|  0%| F|  |TAMS 0x0000000082a00000, 0x0000000082a00000| Untracked 
|  43|0x0000000082b00000, 0x0000000082b00000, 0x0000000082c00000|  0%| F|  |TAMS 0x0000000082b00000, 0x0000000082b00000| Untracked 
|  44|0x0000000082c00000, 0x0000000082c00000, 0x0000000082d00000|  0%| F|  |TAMS 0x0000000082c00000, 0x0000000082c00000| Untracked 
|  45|0x0000000082d00000, 0x0000000082d00000, 0x0000000082e00000|  0%| F|  |TAMS 0x0000000082d00000, 0x0000000082d00000| Untracked 
|  46|0x0000000082e00000, 0x0000000082e00000, 0x0000000082f00000|  0%| F|  |TAMS 0x0000000082e00000, 0x0000000082e00000| Untracked 
|  47|0x0000000082f00000, 0x0000000082f00000, 0x0000000083000000|  0%| F|  |TAMS 0x0000000082f00000, 0x0000000082f00000| Untracked 
|  48|0x0000000083000000, 0x0000000083000000, 0x0000000083100000|  0%| F|  |TAMS 0x0000000083000000, 0x0000000083000000| Untracked 
|  49|0x0000000083100000, 0x0000000083100000, 0x0000000083200000|  0%| F|  |TAMS 0x0000000083100000, 0x0000000083100000| Untracked 
|  50|0x0000000083200000, 0x0000000083200000, 0x0000000083300000|  0%| F|  |TAMS 0x0000000083200000, 0x0000000083200000| Untracked 
|  51|0x0000000083300000, 0x0000000083300000, 0x0000000083400000|  0%| F|  |TAMS 0x0000000083300000, 0x0000000083300000| Untracked 
|  52|0x0000000083400000, 0x0000000083400000, 0x0000000083500000|  0%| F|  |TAMS 0x0000000083400000, 0x0000000083400000| Untracked 
|  53|0x0000000083500000, 0x0000000083500000, 0x0000000083600000|  0%| F|  |TAMS 0x0000000083500000, 0x0000000083500000| Untracked 
|  54|0x0000000083600000, 0x0000000083600000, 0x0000000083700000|  0%| F|  |TAMS 0x0000000083600000, 0x0000000083600000| Untracked 
|  55|0x0000000083700000, 0x0000000083700000, 0x0000000083800000|  0%| F|  |TAMS 0x0000000083700000, 0x0000000083700000| Untracked 
|  56|0x0000000083800000, 0x0000000083800000, 0x0000000083900000|  0%| F|  |TAMS 0x0000000083800000, 0x0000000083800000| Untracked 
|  57|0x0000000083900000, 0x0000000083900000, 0x0000000083a00000|  0%| F|  |TAMS 0x0000000083900000, 0x0000000083900000| Untracked 
|  58|0x0000000083a00000, 0x0000000083a00000, 0x0000000083b00000|  0%| F|  |TAMS 0x0000000083a00000, 0x0000000083a00000| Untracked 
|  59|0x0000000083b00000, 0x0000000083b00000, 0x0000000083c00000|  0%| F|  |TAMS 0x0000000083b00000, 0x0000000083b00000| Untracked 
|  60|0x0000000083c00000, 0x0000000083c00000, 0x0000000083d00000|  0%| F|  |TAMS 0x0000000083c00000, 0x0000000083c00000| Untracked 
|  61|0x0000000083d00000, 0x0000000083d00000, 0x0000000083e00000|  0%| F|  |TAMS 0x0000000083d00000, 0x0000000083d00000| Untracked 
|  62|0x0000000083e00000, 0x0000000083e00000, 0x0000000083f00000|  0%| F|  |TAMS 0x0000000083e00000, 0x0000000083e00000| Untracked 
|  63|0x0000000083f00000, 0x0000000083f00000, 0x0000000084000000|  0%| F|  |TAMS 0x0000000083f00000, 0x0000000083f00000| Untracked 
|  64|0x0000000084000000, 0x0000000084000000, 0x0000000084100000|  0%| F|  |TAMS 0x0000000084000000, 0x0000000084000000| Untracked 
|  65|0x0000000084100000, 0x0000000084100000, 0x0000000084200000|  0%| F|  |TAMS 0x0000000084100000, 0x0000000084100000| Untracked 
|  66|0x0000000084200000, 0x0000000084200000, 0x0000000084300000|  0%| F|  |TAMS 0x0000000084200000, 0x0000000084200000| Untracked 
|  67|0x0000000084300000, 0x0000000084380000, 0x0000000084400000| 50%| S|CS|TAMS 0x0000000084300000, 0x0000000084300000| Complete 
|  68|0x0000000084400000, 0x0000000084500000, 0x0000000084500000|100%| S|CS|TAMS 0x0000000084400000, 0x0000000084400000| Complete 
|  69|0x0000000084500000, 0x0000000084600000, 0x0000000084600000|100%| S|CS|TAMS 0x0000000084500000, 0x0000000084500000| Complete 
|  70|0x0000000084600000, 0x0000000084700000, 0x0000000084700000|100%| S|CS|TAMS 0x0000000084600000, 0x0000000084600000| Complete 
|  71|0x0000000084700000, 0x0000000084800000, 0x0000000084800000|100%| S|CS|TAMS 0x0000000084700000, 0x0000000084700000| Complete 
|  72|0x0000000084800000, 0x0000000084900000, 0x0000000084900000|100%| S|CS|TAMS 0x0000000084800000, 0x0000000084800000| Complete 
|  73|0x0000000084900000, 0x0000000084a00000, 0x0000000084a00000|100%| S|CS|TAMS 0x0000000084900000, 0x0000000084900000| Complete 
|  74|0x0000000084a00000, 0x0000000084b00000, 0x0000000084b00000|100%| S|CS|TAMS 0x0000000084a00000, 0x0000000084a00000| Complete 
|  75|0x0000000084b00000, 0x0000000084c00000, 0x0000000084c00000|100%| S|CS|TAMS 0x0000000084b00000, 0x0000000084b00000| Complete 
|  76|0x0000000084c00000, 0x0000000084c00000, 0x0000000084d00000|  0%| F|  |TAMS 0x0000000084c00000, 0x0000000084c00000| Untracked 
|  77|0x0000000084d00000, 0x0000000084d00000, 0x0000000084e00000|  0%| F|  |TAMS 0x0000000084d00000, 0x0000000084d00000| Untracked 
|  78|0x0000000084e00000, 0x0000000084e00000, 0x0000000084f00000|  0%| F|  |TAMS 0x0000000084e00000, 0x0000000084e00000| Untracked 
|  79|0x0000000084f00000, 0x0000000084f00000, 0x0000000085000000|  0%| F|  |TAMS 0x0000000084f00000, 0x0000000084f00000| Untracked 
|  80|0x0000000085000000, 0x0000000085000000, 0x0000000085100000|  0%| F|  |TAMS 0x0000000085000000, 0x0000000085000000| Untracked 
|  81|0x0000000085100000, 0x0000000085100000, 0x0000000085200000|  0%| F|  |TAMS 0x0000000085100000, 0x0000000085100000| Untracked 
|  82|0x0000000085200000, 0x0000000085200000, 0x0000000085300000|  0%| F|  |TAMS 0x0000000085200000, 0x0000000085200000| Untracked 
|  83|0x0000000085300000, 0x0000000085300000, 0x0000000085400000|  0%| F|  |TAMS 0x0000000085300000, 0x0000000085300000| Untracked 
|  84|0x0000000085400000, 0x0000000085400000, 0x0000000085500000|  0%| F|  |TAMS 0x0000000085400000, 0x0000000085400000| Untracked 
|  85|0x0000000085500000, 0x0000000085500000, 0x0000000085600000|  0%| F|  |TAMS 0x0000000085500000, 0x0000000085500000| Untracked 
|  86|0x0000000085600000, 0x0000000085600000, 0x0000000085700000|  0%| F|  |TAMS 0x0000000085600000, 0x0000000085600000| Untracked 
|  87|0x0000000085700000, 0x0000000085700000, 0x0000000085800000|  0%| F|  |TAMS 0x0000000085700000, 0x0000000085700000| Untracked 
|  88|0x0000000085800000, 0x0000000085800000, 0x0000000085900000|  0%| F|  |TAMS 0x0000000085800000, 0x0000000085800000| Untracked 
|  89|0x0000000085900000, 0x0000000085900000, 0x0000000085a00000|  0%| F|  |TAMS 0x0000000085900000, 0x0000000085900000| Untracked 
|  90|0x0000000085a00000, 0x0000000085a00000, 0x0000000085b00000|  0%| F|  |TAMS 0x0000000085a00000, 0x0000000085a00000| Untracked 
|  91|0x0000000085b00000, 0x0000000085b00000, 0x0000000085c00000|  0%| F|  |TAMS 0x0000000085b00000, 0x0000000085b00000| Untracked 
|  92|0x0000000085c00000, 0x0000000085c00000, 0x0000000085d00000|  0%| F|  |TAMS 0x0000000085c00000, 0x0000000085c00000| Untracked 
|  93|0x0000000085d00000, 0x0000000085d00000, 0x0000000085e00000|  0%| F|  |TAMS 0x0000000085d00000, 0x0000000085d00000| Untracked 
|  94|0x0000000085e00000, 0x0000000085e00000, 0x0000000085f00000|  0%| F|  |TAMS 0x0000000085e00000, 0x0000000085e00000| Untracked 
|  95|0x0000000085f00000, 0x0000000085f00000, 0x0000000086000000|  0%| F|  |TAMS 0x0000000085f00000, 0x0000000085f00000| Untracked 
|  96|0x0000000086000000, 0x0000000086000000, 0x0000000086100000|  0%| F|  |TAMS 0x0000000086000000, 0x0000000086000000| Untracked 
|  97|0x0000000086100000, 0x0000000086100000, 0x0000000086200000|  0%| F|  |TAMS 0x0000000086100000, 0x0000000086100000| Untracked 
|  98|0x0000000086200000, 0x0000000086200000, 0x0000000086300000|  0%| F|  |TAMS 0x0000000086200000, 0x0000000086200000| Untracked 
|  99|0x0000000086300000, 0x0000000086300000, 0x0000000086400000|  0%| F|  |TAMS 0x0000000086300000, 0x0000000086300000| Untracked 
| 100|0x0000000086400000, 0x0000000086400000, 0x0000000086500000|  0%| F|  |TAMS 0x0000000086400000, 0x0000000086400000| Untracked 
| 101|0x0000000086500000, 0x0000000086500000, 0x0000000086600000|  0%| F|  |TAMS 0x0000000086500000, 0x0000000086500000| Untracked 
| 102|0x0000000086600000, 0x0000000086600000, 0x0000000086700000|  0%| F|  |TAMS 0x0000000086600000, 0x0000000086600000| Untracked 
| 103|0x0000000086700000, 0x0000000086700000, 0x0000000086800000|  0%| F|  |TAMS 0x0000000086700000, 0x0000000086700000| Untracked 
| 104|0x0000000086800000, 0x0000000086800000, 0x0000000086900000|  0%| F|  |TAMS 0x0000000086800000, 0x0000000086800000| Untracked 
| 105|0x0000000086900000, 0x0000000086900000, 0x0000000086a00000|  0%| F|  |TAMS 0x0000000086900000, 0x0000000086900000| Untracked 
| 106|0x0000000086a00000, 0x0000000086a00000, 0x0000000086b00000|  0%| F|  |TAMS 0x0000000086a00000, 0x0000000086a00000| Untracked 
| 107|0x0000000086b00000, 0x0000000086b00000, 0x0000000086c00000|  0%| F|  |TAMS 0x0000000086b00000, 0x0000000086b00000| Untracked 
| 108|0x0000000086c00000, 0x0000000086c00000, 0x0000000086d00000|  0%| F|  |TAMS 0x0000000086c00000, 0x0000000086c00000| Untracked 
| 109|0x0000000086d00000, 0x0000000086d00000, 0x0000000086e00000|  0%| F|  |TAMS 0x0000000086d00000, 0x0000000086d00000| Untracked 
| 110|0x0000000086e00000, 0x0000000086e00000, 0x0000000086f00000|  0%| F|  |TAMS 0x0000000086e00000, 0x0000000086e00000| Untracked 
| 111|0x0000000086f00000, 0x0000000086f00000, 0x0000000087000000|  0%| F|  |TAMS 0x0000000086f00000, 0x0000000086f00000| Untracked 
| 112|0x0000000087000000, 0x0000000087000000, 0x0000000087100000|  0%| F|  |TAMS 0x0000000087000000, 0x0000000087000000| Untracked 
| 113|0x0000000087100000, 0x0000000087100000, 0x0000000087200000|  0%| F|  |TAMS 0x0000000087100000, 0x0000000087100000| Untracked 
| 114|0x0000000087200000, 0x0000000087200000, 0x0000000087300000|  0%| F|  |TAMS 0x0000000087200000, 0x0000000087200000| Untracked 
| 115|0x0000000087300000, 0x0000000087300000, 0x0000000087400000|  0%| F|  |TAMS 0x0000000087300000, 0x0000000087300000| Untracked 
| 116|0x0000000087400000, 0x0000000087400000, 0x0000000087500000|  0%| F|  |TAMS 0x0000000087400000, 0x0000000087400000| Untracked 
| 117|0x0000000087500000, 0x0000000087500000, 0x0000000087600000|  0%| F|  |TAMS 0x0000000087500000, 0x0000000087500000| Untracked 
| 118|0x0000000087600000, 0x0000000087600000, 0x0000000087700000|  0%| F|  |TAMS 0x0000000087600000, 0x0000000087600000| Untracked 
| 119|0x0000000087700000, 0x0000000087700000, 0x0000000087800000|  0%| F|  |TAMS 0x0000000087700000, 0x0000000087700000| Untracked 
| 120|0x0000000087800000, 0x0000000087800000, 0x0000000087900000|  0%| F|  |TAMS 0x0000000087800000, 0x0000000087800000| Untracked 
| 121|0x0000000087900000, 0x0000000087900000, 0x0000000087a00000|  0%| F|  |TAMS 0x0000000087900000, 0x0000000087900000| Untracked 
| 122|0x0000000087a00000, 0x0000000087a00000, 0x0000000087b00000|  0%| F|  |TAMS 0x0000000087a00000, 0x0000000087a00000| Untracked 
| 123|0x0000000087b00000, 0x0000000087b00000, 0x0000000087c00000|  0%| F|  |TAMS 0x0000000087b00000, 0x0000000087b00000| Untracked 
| 124|0x0000000087c00000, 0x0000000087c00000, 0x0000000087d00000|  0%| F|  |TAMS 0x0000000087c00000, 0x0000000087c00000| Untracked 
| 125|0x0000000087d00000, 0x0000000087d00000, 0x0000000087e00000|  0%| F|  |TAMS 0x0000000087d00000, 0x0000000087d00000| Untracked 
| 126|0x0000000087e00000, 0x0000000087e00000, 0x0000000087f00000|  0%| F|  |TAMS 0x0000000087e00000, 0x0000000087e00000| Untracked 
| 127|0x0000000087f00000, 0x0000000087f00000, 0x0000000088000000|  0%| F|  |TAMS 0x0000000087f00000, 0x0000000087f00000| Untracked 
| 128|0x0000000088000000, 0x0000000088000000, 0x0000000088100000|  0%| F|  |TAMS 0x0000000088000000, 0x0000000088000000| Untracked 
| 129|0x0000000088100000, 0x0000000088100000, 0x0000000088200000|  0%| F|  |TAMS 0x0000000088100000, 0x0000000088100000| Untracked 
| 130|0x0000000088200000, 0x0000000088200000, 0x0000000088300000|  0%| F|  |TAMS 0x0000000088200000, 0x0000000088200000| Untracked 
| 131|0x0000000088300000, 0x0000000088300000, 0x0000000088400000|  0%| F|  |TAMS 0x0000000088300000, 0x0000000088300000| Untracked 
| 132|0x0000000088400000, 0x0000000088400000, 0x0000000088500000|  0%| F|  |TAMS 0x0000000088400000, 0x0000000088400000| Untracked 
| 133|0x0000000088500000, 0x0000000088500000, 0x0000000088600000|  0%| F|  |TAMS 0x0000000088500000, 0x0000000088500000| Untracked 
| 134|0x0000000088600000, 0x0000000088600000, 0x0000000088700000|  0%| F|  |TAMS 0x0000000088600000, 0x0000000088600000| Untracked 
| 135|0x0000000088700000, 0x0000000088700000, 0x0000000088800000|  0%| F|  |TAMS 0x0000000088700000, 0x0000000088700000| Untracked 
| 136|0x0000000088800000, 0x0000000088800000, 0x0000000088900000|  0%| F|  |TAMS 0x0000000088800000, 0x0000000088800000| Untracked 
| 137|0x0000000088900000, 0x0000000088900000, 0x0000000088a00000|  0%| F|  |TAMS 0x0000000088900000, 0x0000000088900000| Untracked 
| 138|0x0000000088a00000, 0x0000000088a00000, 0x0000000088b00000|  0%| F|  |TAMS 0x0000000088a00000, 0x0000000088a00000| Untracked 
| 139|0x0000000088b00000, 0x0000000088b00000, 0x0000000088c00000|  0%| F|  |TAMS 0x0000000088b00000, 0x0000000088b00000| Untracked 
| 140|0x0000000088c00000, 0x0000000088c00000, 0x0000000088d00000|  0%| F|  |TAMS 0x0000000088c00000, 0x0000000088c00000| Untracked 
| 141|0x0000000088d00000, 0x0000000088d00000, 0x0000000088e00000|  0%| F|  |TAMS 0x0000000088d00000, 0x0000000088d00000| Untracked 
| 142|0x0000000088e00000, 0x0000000088e00000, 0x0000000088f00000|  0%| F|  |TAMS 0x0000000088e00000, 0x0000000088e00000| Untracked 
| 143|0x0000000088f00000, 0x0000000088f00000, 0x0000000089000000|  0%| F|  |TAMS 0x0000000088f00000, 0x0000000088f00000| Untracked 
| 144|0x0000000089000000, 0x0000000089000000, 0x0000000089100000|  0%| F|  |TAMS 0x0000000089000000, 0x0000000089000000| Untracked 
| 145|0x0000000089100000, 0x0000000089100000, 0x0000000089200000|  0%| F|  |TAMS 0x0000000089100000, 0x0000000089100000| Untracked 
| 146|0x0000000089200000, 0x0000000089200000, 0x0000000089300000|  0%| F|  |TAMS 0x0000000089200000, 0x0000000089200000| Untracked 
| 147|0x0000000089300000, 0x0000000089300000, 0x0000000089400000|  0%| F|  |TAMS 0x0000000089300000, 0x0000000089300000| Untracked 
| 148|0x0000000089400000, 0x0000000089400000, 0x0000000089500000|  0%| F|  |TAMS 0x0000000089400000, 0x0000000089400000| Untracked 
| 149|0x0000000089500000, 0x0000000089500000, 0x0000000089600000|  0%| F|  |TAMS 0x0000000089500000, 0x0000000089500000| Untracked 
| 150|0x0000000089600000, 0x0000000089600000, 0x0000000089700000|  0%| F|  |TAMS 0x0000000089600000, 0x0000000089600000| Untracked 
| 151|0x0000000089700000, 0x0000000089700000, 0x0000000089800000|  0%| F|  |TAMS 0x0000000089700000, 0x0000000089700000| Untracked 
| 152|0x0000000089800000, 0x0000000089800000, 0x0000000089900000|  0%| F|  |TAMS 0x0000000089800000, 0x0000000089800000| Untracked 
| 153|0x0000000089900000, 0x0000000089900000, 0x0000000089a00000|  0%| F|  |TAMS 0x0000000089900000, 0x0000000089900000| Untracked 

Card table byte_map: [0x000001953b180000,0x000001953b580000] _byte_map_base: 0x000001953ad80000

Marking Bits (Prev, Next): (CMBitMap*) 0x000001952263e888, (CMBitMap*) 0x000001952263e8c0
 Prev Bits: [0x000001953b980000, 0x000001953d980000)
 Next Bits: [0x000001953d980000, 0x000001953f980000)

Polling page: 0x0000019522520000

Metaspace:

Usage:
  Non-class:     36.60 MB capacity,    35.75 MB ( 98%) used,   688.57 KB (  2%) free+waste,   185.88 KB ( <1%) overhead. 
      Class:      5.71 MB capacity,     5.08 MB ( 89%) used,   549.19 KB (  9%) free+waste,    94.56 KB (  2%) overhead. 
       Both:     42.31 MB capacity,    40.83 MB ( 96%) used,     1.21 MB (  3%) free+waste,   280.44 KB ( <1%) overhead. 

Virtual space:
  Non-class space:       38.00 MB reserved,      36.67 MB ( 97%) committed 
      Class space:        1.00 GB reserved,       5.75 MB ( <1%) committed 
             Both:        1.04 GB reserved,      42.42 MB (  4%) committed 

Chunk freelists:
   Non-Class:  640 bytes
       Class:  1.63 KB
        Both:  2.25 KB

CodeHeap 'non-profiled nmethods': size=120064Kb used=1861Kb max_used=1861Kb free=118202Kb
 bounds [0x0000019533840000, 0x0000019533ab0000, 0x000001953ad80000]
CodeHeap 'profiled nmethods': size=120000Kb used=8514Kb max_used=8514Kb free=111485Kb
 bounds [0x000001952c310000, 0x000001952cb70000, 0x0000019533840000]
CodeHeap 'non-nmethods': size=5696Kb used=1154Kb max_used=1200Kb free=4541Kb
 bounds [0x000001952bd80000, 0x000001952bff0000, 0x000001952c310000]
 total_blobs=4370 nmethods=3895 adapters=386
 compilation: enabled
              stopped_count=0, restarted_count=0
 full_count=0

Compilation events (10 events):
Event: 9.364 Thread 0x00000195423d5000 3904       2       java.beans.Introspector::getBeanInfo (54 bytes)
Event: 9.365 Thread 0x00000195423d5000 nmethod 3904 0x000001952cb5e290 code [0x000001952cb5e460, 0x000001952cb5e6a8]
Event: 9.365 Thread 0x00000195423d5000 3905   !   2       java.beans.Introspector::findCustomizerClass (45 bytes)
Event: 9.366 Thread 0x00000195423d5000 nmethod 3905 0x000001952cb5e810 code [0x000001952cb5eaa0, 0x000001952cb5f248]
Event: 9.368 Thread 0x00000195423d5000 3906   !   2       com.sun.beans.introspect.ClassInfo::getEventSets (47 bytes)
Event: 9.369 Thread 0x00000195423d5000 nmethod 3906 0x000001952cb5fa10 code [0x000001952cb5fbc0, 0x000001952cb5fee8]
Event: 9.369 Thread 0x00000195423d5000 3907   !   2       com.sun.beans.introspect.ClassInfo::getProperties (47 bytes)
Event: 9.369 Thread 0x00000195423d5000 nmethod 3907 0x000001952cb60010 code [0x000001952cb601c0, 0x000001952cb604e8]
Event: 9.386 Thread 0x00000195423d5000 3908       2       org.springframework.util.ReflectionUtils$$Lambda$738/0x0000000100470440::doWith (11 bytes)
Event: 9.386 Thread 0x00000195423d5000 nmethod 3908 0x000001952cb60610 code [0x000001952cb607a0, 0x000001952cb608c8]

GC Heap History (10 events):
Event: 2.963 GC heap after
{Heap after GC invocations=5 (full 0):
 garbage-first heap   total 131072K, used 8134K [0x0000000080000000, 0x0000000100000000)
  region size 1024K, 3 young (3072K), 3 survivors (3072K)
 Metaspace       used 19596K, capacity 20202K, committed 20480K, reserved 1067008K
  class space    used 2161K, capacity 2433K, committed 2560K, reserved 1048576K
}
Event: 3.148 GC heap before
{Heap before GC invocations=5 (full 0):
 garbage-first heap   total 131072K, used 12230K [0x0000000080000000, 0x0000000100000000)
  region size 1024K, 8 young (8192K), 3 survivors (3072K)
 Metaspace       used 20409K, capacity 21113K, committed 21296K, reserved 1069056K
  class space    used 2280K, capacity 2591K, committed 2688K, reserved 1048576K
}
Event: 3.156 GC heap after
{Heap after GC invocations=6 (full 0):
 garbage-first heap   total 157696K, used 8511K [0x0000000080000000, 0x0000000100000000)
  region size 1024K, 3 young (3072K), 3 survivors (3072K)
 Metaspace       used 20409K, capacity 21113K, committed 21296K, reserved 1069056K
  class space    used 2280K, capacity 2591K, committed 2688K, reserved 1048576K
}
Event: 4.334 GC heap before
{Heap before GC invocations=7 (full 0):
 garbage-first heap   total 157696K, used 51519K [0x0000000080000000, 0x0000000100000000)
  region size 1024K, 46 young (47104K), 3 survivors (3072K)
 Metaspace       used 27619K, capacity 28459K, committed 28592K, reserved 1075200K
  class space    used 3205K, capacity 3561K, committed 3584K, reserved 1048576K
}
Event: 4.346 GC heap after
{Heap after GC invocations=8 (full 0):
 garbage-first heap   total 157696K, used 10015K [0x0000000080000000, 0x0000000100000000)
  region size 1024K, 4 young (4096K), 4 survivors (4096K)
 Metaspace       used 27619K, capacity 28459K, committed 28592K, reserved 1075200K
  class space    used 3205K, capacity 3561K, committed 3584K, reserved 1048576K
}
Event: 6.598 GC heap before
{Heap before GC invocations=8 (full 0):
 garbage-first heap   total 157696K, used 76575K [0x0000000080000000, 0x0000000100000000)
  region size 1024K, 70 young (71680K), 4 survivors (4096K)
 Metaspace       used 33791K, capacity 34896K, committed 35120K, reserved 1079296K
  class space    used 4022K, capacity 4472K, committed 4480K, reserved 1048576K
}
Event: 6.620 GC heap after
{Heap after GC invocations=9 (full 0):
 garbage-first heap   total 157696K, used 13087K [0x0000000080000000, 0x0000000100000000)
  region size 1024K, 7 young (7168K), 7 survivors (7168K)
 Metaspace       used 33791K, capacity 34896K, committed 35120K, reserved 1079296K
  class space    used 4022K, capacity 4472K, committed 4480K, reserved 1048576K
}
Event: 6.930 GC heap before
{Heap before GC invocations=9 (full 0):
 garbage-first heap   total 157696K, used 25375K [0x0000000080000000, 0x0000000100000000)
  region size 1024K, 20 young (20480K), 7 survivors (7168K)
 Metaspace       used 34599K, capacity 35726K, committed 35888K, reserved 1081344K
  class space    used 4141K, capacity 4621K, committed 4736K, reserved 1048576K
}
Event: 6.950 GC heap after
{Heap after GC invocations=10 (full 0):
 garbage-first heap   total 157696K, used 13983K [0x0000000080000000, 0x0000000100000000)
  region size 1024K, 6 young (6144K), 6 survivors (6144K)
 Metaspace       used 34599K, capacity 35726K, committed 35888K, reserved 1081344K
  class space    used 4141K, capacity 4621K, committed 4736K, reserved 1048576K
}
Event: 9.394 GC heap before
{Heap before GC invocations=11 (full 0):
 garbage-first heap   total 157696K, used 87711K [0x0000000080000000, 0x0000000100000000)
  region size 1024K, 78 young (79872K), 6 survivors (6144K)
 Metaspace       used 41807K, capacity 43326K, committed 43440K, reserved 1087488K
  class space    used 5199K, capacity 5843K, committed 5888K, reserved 1048576K
}

Deoptimization events (10 events):
Event: 8.806 Thread 0x00000195246c9000 Uncommon trap: reason=class_check action=maybe_recompile pc=0x00000195339df80c method=org.springframework.beans.factory.support.AbstractBeanFactory.isTypeMatch(Ljava/lang/String;Lorg/springframework/core/ResolvableType;Z)Z @ 53 c2
Event: 8.866 Thread 0x00000195246c9000 Uncommon trap: reason=predicate action=maybe_recompile pc=0x0000019533928720 method=java.util.Properties$LineReader.readLine()I @ 209 c2
Event: 8.866 Thread 0x00000195246c9000 Uncommon trap: reason=unstable_if action=reinterpret pc=0x00000195338b8d6c method=java.util.Properties$LineReader.readLine()I @ 117 c2
Event: 8.867 Thread 0x00000195246c9000 Uncommon trap: reason=unstable_if action=reinterpret pc=0x000001953390651c method=java.nio.Buffer.position(I)Ljava/nio/Buffer; @ 37 c2
Event: 8.869 Thread 0x00000195246c9000 Uncommon trap: reason=unstable_if action=reinterpret pc=0x00000195338cfd9c method=java.nio.Buffer.position(I)Ljava/nio/Buffer; @ 37 c2
Event: 8.897 Thread 0x00000195246c9000 Uncommon trap: reason=class_check action=maybe_recompile pc=0x00000195339df80c method=org.springframework.beans.factory.support.AbstractBeanFactory.isTypeMatch(Ljava/lang/String;Lorg/springframework/core/ResolvableType;Z)Z @ 53 c2
Event: 8.898 Thread 0x00000195246c9000 Uncommon trap: reason=class_check action=maybe_recompile pc=0x00000195339df80c method=org.springframework.beans.factory.support.AbstractBeanFactory.isTypeMatch(Ljava/lang/String;Lorg/springframework/core/ResolvableType;Z)Z @ 53 c2
Event: 9.172 Thread 0x00000195246c9000 Uncommon trap: reason=unstable_if action=reinterpret pc=0x00000195339cfb4c method=sun.net.www.ParseUtil.firstEncodeIndex(Ljava/lang/String;)I @ 51 c2
Event: 9.172 Thread 0x00000195246c9000 Uncommon trap: reason=unstable_if action=reinterpret pc=0x0000019533963838 method=sun.net.www.ParseUtil.firstEncodeIndex(Ljava/lang/String;)I @ 51 c2
Event: 9.172 Thread 0x00000195246c9000 Uncommon trap: reason=unstable_if action=reinterpret pc=0x00000195338a46a0 method=sun.net.www.ParseUtil.firstEncodeIndex(Ljava/lang/String;)I @ 51 c2

Classes redefined (0 events):
No events

Internal exceptions (10 events):
Event: 9.350 Thread 0x00000195246c9000 Exception <a 'java/lang/ClassNotFoundException'{0x0000000084dd42c8}: org/springframework/core/OrderedCustomizer> (0x0000000084dd42c8) thrown at [./open/src/hotspot/share/classfile/systemDictionary.cpp, line 226]
Event: 9.353 Thread 0x00000195246c9000 Exception <a 'java/lang/ClassNotFoundException'{0x0000000084de34d8}: java/lang/ObjectCustomizer> (0x0000000084de34d8) thrown at [./open/src/hotspot/share/classfile/systemDictionary.cpp, line 226]
Event: 9.354 Thread 0x00000195246c9000 Exception <a 'java/lang/ClassNotFoundException'{0x0000000084df9b30}: org/springframework/boot/web/servlet/error/DefaultErrorAttributesCustomizer> (0x0000000084df9b30) thrown at [./open/src/hotspot/share/classfile/systemDictionary.cpp, line 226]
Event: 9.356 Thread 0x00000195246c9000 Exception <a 'java/lang/ClassNotFoundException'{0x0000000084c121e8}: org/springframework/boot/web/servlet/error/ErrorAttributesCustomizer> (0x0000000084c121e8) thrown at [./open/src/hotspot/share/classfile/systemDictionary.cpp, line 226]
Event: 9.357 Thread 0x00000195246c9000 Exception <a 'java/lang/ClassNotFoundException'{0x0000000084c26160}: org/springframework/web/servlet/HandlerExceptionResolverCustomizer> (0x0000000084c26160) thrown at [./open/src/hotspot/share/classfile/systemDictionary.cpp, line 226]
Event: 9.357 Thread 0x00000195246c9000 Exception <a 'java/lang/ClassNotFoundException'{0x0000000084c35a20}: org/springframework/core/OrderedCustomizer> (0x0000000084c35a20) thrown at [./open/src/hotspot/share/classfile/systemDictionary.cpp, line 226]
Event: 9.364 Thread 0x00000195246c9000 Exception <a 'java/lang/ClassNotFoundException'{0x0000000084c69150}: java/lang/ObjectCustomizer> (0x0000000084c69150) thrown at [./open/src/hotspot/share/classfile/systemDictionary.cpp, line 226]
Event: 9.368 Thread 0x00000195246c9000 Exception <a 'java/lang/ClassNotFoundException'{0x0000000084c817d8}: org/springframework/boot/autoconfigure/web/servlet/error/AbstractErrorControllerCustomizer> (0x0000000084c817d8) thrown at [./open/src/hotspot/share/classfile/systemDictionary.cpp, line 
Event: 9.370 Thread 0x00000195246c9000 Exception <a 'java/lang/ClassNotFoundException'{0x0000000084c975e8}: org/springframework/boot/autoconfigure/web/servlet/error/BasicErrorControllerCustomizer> (0x0000000084c975e8) thrown at [./open/src/hotspot/share/classfile/systemDictionary.cpp, line 226
Event: 9.371 Thread 0x00000195246c9000 Exception <a 'java/lang/ClassNotFoundException'{0x0000000084cb0158}: org/springframework/boot/web/servlet/error/ErrorControllerCustomizer> (0x0000000084cb0158) thrown at [./open/src/hotspot/share/classfile/systemDictionary.cpp, line 226]

Events (10 events):
Event: 9.390 loading class javax/money$MonetaryAmount done
Event: 9.390 loading class org/springframework/boot/autoconfigure/web/format/DateTimeFormatters
Event: 9.390 loading class org/springframework/boot/autoconfigure/web/format/DateTimeFormatters done
Event: 9.392 loading class org/springframework/data/geo/format/DistanceFormatter
Event: 9.392 loading class org/springframework/data/geo/format/DistanceFormatter done
Event: 9.393 loading class org/springframework/data/geo/Metrics
Event: 9.393 loading class org/springframework/data/geo/Metrics done
Event: 9.394 loading class org/springframework/data/geo/format/PointFormatter
Event: 9.394 loading class org/springframework/data/geo/format/PointFormatter done
Event: 9.394 Executing VM operation: G1CollectForAllocation


Dynamic libraries:
0x00007ff7c20d0000 - 0x00007ff7c20df000 	C:\Program Files\Java\jdk-11.0.15\bin\java.exe
0x00007fffbdcf0000 - 0x00007fffbdee8000 	C:\Windows\SYSTEM32\ntdll.dll
0x00007fffbcbb0000 - 0x00007fffbcc6d000 	C:\Windows\System32\KERNEL32.DLL
0x00007fffbb730000 - 0x00007fffbb9fe000 	C:\Windows\System32\KERNELBASE.dll
0x00007fffbb600000 - 0x00007fffbb700000 	C:\Windows\System32\ucrtbase.dll
0x00007fffa6b70000 - 0x00007fffa6b88000 	C:\Program Files\Java\jdk-11.0.15\bin\jli.dll
0x00007fffbcb00000 - 0x00007fffbcbae000 	C:\Windows\System32\ADVAPI32.dll
0x00007fffa6b50000 - 0x00007fffa6b65000 	C:\Program Files\Java\jdk-11.0.15\bin\VCRUNTIME140.dll
0x00007fffbcfb0000 - 0x00007fffbd04e000 	C:\Windows\System32\msvcrt.dll
0x00007fffbd870000 - 0x00007fffbd90c000 	C:\Windows\System32\sechost.dll
0x00007fffbcc90000 - 0x00007fffbcdb5000 	C:\Windows\System32\RPCRT4.dll
0x00007fffbc190000 - 0x00007fffbc330000 	C:\Windows\System32\USER32.dll
0x00007fffbb410000 - 0x00007fffbb432000 	C:\Windows\System32\win32u.dll
0x00007fffbd060000 - 0x00007fffbd08a000 	C:\Windows\System32\GDI32.dll
0x00007fffbbbf0000 - 0x00007fffbbcfb000 	C:\Windows\System32\gdi32full.dll
0x00007fffbb560000 - 0x00007fffbb5fd000 	C:\Windows\System32\msvcp_win.dll
0x00007fffa68b0000 - 0x00007fffa6b4a000 	C:\Windows\WinSxS\amd64_microsoft.windows.common-controls_6595b64144ccf1df_6.0.19041.1110_none_60b5254171f9507e\COMCTL32.dll
0x00007fffb3360000 - 0x00007fffb336a000 	C:\Windows\SYSTEM32\VERSION.dll
0x00007fffbd090000 - 0x00007fffbd0c0000 	C:\Windows\System32\IMM32.DLL
0x00007fffa6810000 - 0x00007fffa68ab000 	C:\Program Files\Java\jdk-11.0.15\bin\msvcp140.dll
0x00007fffa5cc0000 - 0x00007fffa67d6000 	C:\Program Files\Java\jdk-11.0.15\bin\server\jvm.dll
0x00007fffbd050000 - 0x00007fffbd058000 	C:\Windows\System32\PSAPI.DLL
0x00007fffa5cb0000 - 0x00007fffa5cb9000 	C:\Windows\SYSTEM32\WSOCK32.dll
0x00007fffbcdc0000 - 0x00007fffbce2b000 	C:\Windows\System32\WS2_32.dll
0x00007fffa5c80000 - 0x00007fffa5ca7000 	C:\Windows\SYSTEM32\WINMM.dll
0x00007fffb92f0000 - 0x00007fffb9302000 	C:\Windows\SYSTEM32\kernel.appcore.dll
0x00007fffa6d50000 - 0x00007fffa6d60000 	C:\Program Files\Java\jdk-11.0.15\bin\verify.dll
0x00007fffa8630000 - 0x00007fffa8814000 	C:\Windows\SYSTEM32\DBGHELP.DLL
0x00007fffa8600000 - 0x00007fffa862c000 	C:\Windows\SYSTEM32\dbgcore.DLL
0x00007fffbbb60000 - 0x00007fffbbbe2000 	C:\Windows\System32\bcryptPrimitives.dll
0x00007fffa59f0000 - 0x00007fffa5a18000 	C:\Program Files\Java\jdk-11.0.15\bin\java.dll
0x00007fffa6d40000 - 0x00007fffa6d4a000 	C:\Program Files\Java\jdk-11.0.15\bin\jimage.dll
0x00007fffa59d0000 - 0x00007fffa59e6000 	C:\Program Files\Java\jdk-11.0.15\bin\zip.dll
0x00007fffbd0c0000 - 0x00007fffbd804000 	C:\Windows\System32\SHELL32.dll
0x00007fffb94f0000 - 0x00007fffb9c84000 	C:\Windows\SYSTEM32\windows.storage.dll
0x00007fffbbd50000 - 0x00007fffbc0a4000 	C:\Windows\System32\combase.dll
0x00007fffbacc0000 - 0x00007fffbacf0000 	C:\Windows\SYSTEM32\Wldp.dll
0x00007fffbc9a0000 - 0x00007fffbca4d000 	C:\Windows\System32\SHCORE.dll
0x00007fffbce30000 - 0x00007fffbce85000 	C:\Windows\System32\shlwapi.dll
0x00007fffbb350000 - 0x00007fffbb36f000 	C:\Windows\SYSTEM32\profapi.dll
0x00007fffa5140000 - 0x00007fffa5159000 	C:\Program Files\Java\jdk-11.0.15\bin\net.dll
0x00007fffb3850000 - 0x00007fffb395a000 	C:\Windows\SYSTEM32\WINHTTP.dll
0x00007fffbaaa0000 - 0x00007fffbab0a000 	C:\Windows\system32\mswsock.dll
0x00007fffa5120000 - 0x00007fffa5132000 	C:\Program Files\Java\jdk-11.0.15\bin\nio.dll
0x00007fffa5a90000 - 0x00007fffa5a99000 	C:\Program Files\Java\jdk-11.0.15\bin\management.dll
0x00007fffa5a80000 - 0x00007fffa5a8b000 	C:\Program Files\Java\jdk-11.0.15\bin\management_ext.dll
0x00007fffa1280000 - 0x00007fffa1297000 	C:\Windows\system32\napinsp.dll
0x00007fffa1260000 - 0x00007fffa127b000 	C:\Windows\system32\pnrpnsp.dll
0x00007fffa1240000 - 0x00007fffa1255000 	C:\Windows\system32\wshbth.dll
0x00007fffb6dd0000 - 0x00007fffb6ded000 	C:\Windows\system32\NLAapi.dll
0x00007fffba7b0000 - 0x00007fffba7eb000 	C:\Windows\SYSTEM32\IPHLPAPI.DLL
0x00007fffba7f0000 - 0x00007fffba8ba000 	C:\Windows\SYSTEM32\DNSAPI.dll
0x00007fffbcaf0000 - 0x00007fffbcaf8000 	C:\Windows\System32\NSI.dll
0x00007fffa1220000 - 0x00007fffa1232000 	C:\Windows\System32\winrnr.dll
0x00007fffb1a30000 - 0x00007fffb1a3a000 	C:\Windows\System32\rasadhlp.dll
0x00007fffb3580000 - 0x00007fffb3600000 	C:\Windows\System32\fwpuclnt.dll
0x00007fffbb700000 - 0x00007fffbb727000 	C:\Windows\System32\bcrypt.dll
0x00007fffbad00000 - 0x00007fffbad18000 	C:\Windows\SYSTEM32\CRYPTSP.dll
0x00007fffba440000 - 0x00007fffba474000 	C:\Windows\system32\rsaenh.dll
0x00007fffbb2d0000 - 0x00007fffbb2fe000 	C:\Windows\SYSTEM32\USERENV.dll
0x00007fffbac30000 - 0x00007fffbac3c000 	C:\Windows\SYSTEM32\CRYPTBASE.dll
0x00007fffb3e70000 - 0x00007fffb3e87000 	C:\Windows\SYSTEM32\dhcpcsvc6.DLL
0x00007fffb3e50000 - 0x00007fffb3e6d000 	C:\Windows\SYSTEM32\dhcpcsvc.DLL

dbghelp: loaded successfully - version: 4.0.5 - missing functions: none
symbol engine: initialized successfully - sym options: 0x614 - pdb path: .;C:\Program Files\Java\jdk-11.0.15\bin;C:\Windows\SYSTEM32;C:\Windows\WinSxS\amd64_microsoft.windows.common-controls_6595b64144ccf1df_6.0.19041.1110_none_60b5254171f9507e;C:\Program Files\Java\jdk-11.0.15\bin\server

VM Arguments:
java_command: C:\Users\sfjbs\AppData\Local\Temp\surefire10891771854004134532\surefirebooter3113231162335509378.jar C:\Users\sfjbs\AppData\Local\Temp\surefire10891771854004134532 2022-09-06T05-38-06_550-jvmRun1 surefire17825883002136988449tmp surefire_04343567763858533237tmp
java_class_path (initial): C:\Users\sfjbs\AppData\Local\Temp\surefire10891771854004134532\surefirebooter3113231162335509378.jar
Launcher Type: SUN_STANDARD

[Global flags]
     intx CICompilerCount                          = 2                                         {product} {ergonomic}
     uint ConcGCThreads                            = 1                                         {product} {ergonomic}
     uint G1ConcRefinementThreads                  = 2                                         {product} {ergonomic}
   size_t G1HeapRegionSize                         = 1048576                                   {product} {ergonomic}
    uintx GCDrainStackTargetSize                   = 64                                        {product} {ergonomic}
   size_t InitialHeapSize                          = 134217728                                 {product} {ergonomic}
   size_t MarkStackSize                            = 4194304                                   {product} {ergonomic}
   size_t MaxHeapSize                              = 2147483648                                {product} {ergonomic}
   size_t MaxNewSize                               = 1287651328                                {product} {ergonomic}
   size_t MinHeapDeltaBytes                        = 1048576                                   {product} {ergonomic}
    uintx NonNMethodCodeHeapSize                   = 5825164                                {pd product} {ergonomic}
    uintx NonProfiledCodeHeapSize                  = 122916538                              {pd product} {ergonomic}
    uintx ProfiledCodeHeapSize                     = 122916538                              {pd product} {ergonomic}
    uintx ReservedCodeCacheSize                    = 251658240                              {pd product} {ergonomic}
     bool SegmentedCodeCache                       = true                                      {product} {ergonomic}
     bool UseCompressedClassPointers               = true                                 {lp64_product} {ergonomic}
     bool UseCompressedOops                        = true                                 {lp64_product} {ergonomic}
     bool UseG1GC                                  = true                                      {product} {ergonomic}
     bool UseLargePagesIndividualAllocation        = false                                  {pd product} {ergonomic}

Logging:
Log output configuration:
 #0: stdout all=warning uptime,level,tags
 #1: stderr all=off uptime,level,tags

Environment Variables:
PATH=C:\Program Files\Common Files\Oracle\Java\javapath;C:\Windows\system32;C:\Windows;C:\Windows\System32\Wbem;C:\Windows\System32\WindowsPowerShell\v1.0\;C:\Windows\System32\OpenSSH\;C:\Program Files\PuTTY\;C:\Program Files\Git\cmd;C:\Users\sfjbs\Downloads\apache-maven-3.8.6-bin\apache-maven-3.8.6\bin;C:\Users\sfjbs\Downloads\apache-maven-3.8.6-bin\apache-maven-3.8.6\lib;;C:\Program Files\Docker\Docker\resources\bin;C:\ProgramData\DockerDesktop\version-bin;C:\Users\sfjbs\AppData\Local\Microsoft\WindowsApps;C:\Program Files\JetBrains\IntelliJ IDEA Community Edition 2022.2.1\bin;;C:\Users\sfjbs\Downloads\apache-maven-3.8.6-bin\apache-maven-3.8.6\bin;C:\Users\sfjbs\Downloads\apache-maven-3.8.6-bin\apache-maven-3.8.6\lib;
USERNAME=sfjbs
OS=Windows_NT
PROCESSOR_IDENTIFIER=Intel64 Family 6 Model 85 Stepping 7, GenuineIntel



---------------  S Y S T E M  ---------------

OS: Windows 10 , 64 bit Build 19041 (10.0.19041.1889)
Hyper-V role detected

CPU:total 2 (initial active 2) (1 cores per cpu, 2 threads per core) family 6 model 85 stepping 7 microcode 0xffffffff, cmov, cx8, fxsr, mmx, sse, sse2, sse3, ssse3, sse4.1, sse4.2, popcnt, avx, avx2, aes, clmul, erms, rtm, 3dnowpref, lzcnt, ht, tsc, bmi1, bmi2, adx, evex, fma

Memory: 4k page, system-wide physical 8190M (945M free)
TotalPageFile size 10238M (AvailPageFile size 28M)
current process WorkingSet (physical memory assigned to process): 229M, peak: 229M
current process commit charge ("private bytes"): 315M, peak: 346M

vm_info: Java HotSpot(TM) 64-Bit Server VM (11.0.15+8-LTS-149) for windows-amd64 JRE (11.0.15+8-LTS-149), built on Mar  9 2022 22:42:32 by "mach5one" with MS VC++ 15.9 (VS2017)

END.
